{"/home/travis/build/npmtest/node-npmtest-node-telegram-bot-api/test.js":{"path":"/home/travis/build/npmtest/node-npmtest-node-telegram-bot-api/test.js","s":{"1":2,"2":2,"3":2,"4":2,"5":2,"6":2,"7":2,"8":1,"9":2,"10":2,"11":1,"12":1,"13":1,"14":1,"15":2,"16":2,"17":2,"18":2,"19":1,"20":1,"21":2,"22":2,"23":2,"24":1,"25":1,"26":1,"27":1,"28":1,"29":1,"30":1,"31":1,"32":1,"33":1,"34":1,"35":1,"36":1,"37":1,"38":1,"39":2,"40":2,"41":1,"42":2,"43":2,"44":1,"45":2,"46":2,"47":1,"48":2,"49":2,"50":1,"51":1,"52":1,"53":1,"54":1},"b":{"1":[2,1,1,1],"2":[1,1,1,1],"3":[1,1],"4":[1,1],"5":[1,1],"6":[1,1],"7":[1,1],"8":[1,1],"9":[1,1],"10":[1,1,1],"11":[1,1],"12":[1,1],"13":[1,1],"14":[1,1],"15":[1,1],"16":[1,1],"17":[1,1]},"f":{"1":2,"2":2,"3":2,"4":2,"5":2,"6":1,"7":1,"8":1,"9":2,"10":2,"11":2,"12":2,"13":1},"fnMap":{"1":{"name":"(anonymous_1)","line":12,"loc":{"start":{"line":12,"column":1},"end":{"line":12,"column":13}}},"2":{"name":"(anonymous_2)","line":19,"loc":{"start":{"line":19,"column":5},"end":{"line":19,"column":17}}},"3":{"name":"(anonymous_3)","line":23,"loc":{"start":{"line":23,"column":24},"end":{"line":23,"column":36}}},"4":{"name":"(anonymous_4)","line":61,"loc":{"start":{"line":61,"column":5},"end":{"line":61,"column":17}}},"5":{"name":"(anonymous_5)","line":82,"loc":{"start":{"line":82,"column":5},"end":{"line":82,"column":17}}},"6":{"name":"(anonymous_6)","line":91,"loc":{"start":{"line":91,"column":77},"end":{"line":94,"column":10}}},"7":{"name":"(anonymous_7)","line":112,"loc":{"start":{"line":112,"column":83},"end":{"line":115,"column":10}},"skip":true},"8":{"name":"(anonymous_8)","line":123,"loc":{"start":{"line":123,"column":77},"end":{"line":126,"column":10}},"skip":true},"9":{"name":"(anonymous_9)","line":139,"loc":{"start":{"line":139,"column":12},"end":{"line":139,"column":40}},"skip":true},"10":{"name":"(anonymous_10)","line":147,"loc":{"start":{"line":147,"column":77},"end":{"line":150,"column":10}},"skip":true},"11":{"name":"(anonymous_11)","line":158,"loc":{"start":{"line":158,"column":83},"end":{"line":161,"column":10}},"skip":true},"12":{"name":"(anonymous_12)","line":169,"loc":{"start":{"line":169,"column":79},"end":{"line":172,"column":10}},"skip":true},"13":{"name":"(anonymous_13)","line":180,"loc":{"start":{"line":180,"column":75},"end":{"line":183,"column":10}},"skip":true}},"statementMap":{"1":{"start":{"line":12,"column":0},"end":{"line":195,"column":5}},"2":{"start":{"line":14,"column":4},"end":{"line":14,"column":14}},"3":{"start":{"line":19,"column":4},"end":{"line":56,"column":9}},"4":{"start":{"line":21,"column":8},"end":{"line":21,"column":19}},"5":{"start":{"line":23,"column":8},"end":{"line":35,"column":13}},"6":{"start":{"line":24,"column":12},"end":{"line":34,"column":13}},"7":{"start":{"line":25,"column":16},"end":{"line":28,"column":30}},"8":{"start":{"line":30,"column":16},"end":{"line":33,"column":27}},"9":{"start":{"line":37,"column":8},"end":{"line":39,"column":21}},"10":{"start":{"line":40,"column":8},"end":{"line":53,"column":9}},"11":{"start":{"line":43,"column":12},"end":{"line":46,"column":14}},"12":{"start":{"line":47,"column":12},"end":{"line":47,"column":18}},"13":{"start":{"line":50,"column":12},"end":{"line":51,"column":46}},"14":{"start":{"line":52,"column":12},"end":{"line":52,"column":18}},"15":{"start":{"line":55,"column":8},"end":{"line":55,"column":35}},"16":{"start":{"line":61,"column":4},"end":{"line":63,"column":9}},"17":{"start":{"line":62,"column":8},"end":{"line":62,"column":15}},"18":{"start":{"line":64,"column":4},"end":{"line":77,"column":5}},"19":{"start":{"line":70,"column":8},"end":{"line":70,"column":14}},"20":{"start":{"line":76,"column":8},"end":{"line":76,"column":14}},"21":{"start":{"line":82,"column":4},"end":{"line":84,"column":9}},"22":{"start":{"line":83,"column":8},"end":{"line":83,"column":15}},"23":{"start":{"line":85,"column":4},"end":{"line":194,"column":5}},"24":{"start":{"line":91,"column":8},"end":{"line":99,"column":10}},"25":{"start":{"line":98,"column":12},"end":{"line":98,"column":35}},"26":{"start":{"line":102,"column":8},"end":{"line":104,"column":63}},"27":{"start":{"line":105,"column":8},"end":{"line":105,"column":14}},"28":{"start":{"line":112,"column":8},"end":{"line":121,"column":10},"skip":true},"29":{"start":{"line":119,"column":12},"end":{"line":119,"column":55},"skip":true},"30":{"start":{"line":120,"column":12},"end":{"line":120,"column":48},"skip":true},"31":{"start":{"line":123,"column":8},"end":{"line":136,"column":10},"skip":true},"32":{"start":{"line":130,"column":12},"end":{"line":130,"column":76},"skip":true},"33":{"start":{"line":131,"column":12},"end":{"line":131,"column":73},"skip":true},"34":{"start":{"line":132,"column":12},"end":{"line":132,"column":74},"skip":true},"35":{"start":{"line":133,"column":12},"end":{"line":133,"column":79},"skip":true},"36":{"start":{"line":134,"column":12},"end":{"line":134,"column":25},"skip":true},"37":{"start":{"line":135,"column":12},"end":{"line":135,"column":45},"skip":true},"38":{"start":{"line":138,"column":8},"end":{"line":145,"column":14},"skip":true},"39":{"start":{"line":143,"column":16},"end":{"line":143,"column":29},"skip":true},"40":{"start":{"line":144,"column":16},"end":{"line":144,"column":55},"skip":true},"41":{"start":{"line":147,"column":8},"end":{"line":156,"column":10},"skip":true},"42":{"start":{"line":154,"column":12},"end":{"line":154,"column":25},"skip":true},"43":{"start":{"line":155,"column":12},"end":{"line":155,"column":45},"skip":true},"44":{"start":{"line":158,"column":8},"end":{"line":167,"column":10},"skip":true},"45":{"start":{"line":165,"column":12},"end":{"line":165,"column":25},"skip":true},"46":{"start":{"line":166,"column":12},"end":{"line":166,"column":48},"skip":true},"47":{"start":{"line":169,"column":8},"end":{"line":178,"column":10},"skip":true},"48":{"start":{"line":176,"column":12},"end":{"line":176,"column":25},"skip":true},"49":{"start":{"line":177,"column":12},"end":{"line":177,"column":46},"skip":true},"50":{"start":{"line":180,"column":8},"end":{"line":189,"column":10},"skip":true},"51":{"start":{"line":187,"column":12},"end":{"line":187,"column":94},"skip":true},"52":{"start":{"line":188,"column":12},"end":{"line":188,"column":48},"skip":true},"53":{"start":{"line":192,"column":8},"end":{"line":192,"column":35},"skip":true},"54":{"start":{"line":193,"column":8},"end":{"line":193,"column":14},"skip":true}},"branchMap":{"1":{"line":25,"type":"binary-expr","locations":[{"start":{"line":25,"column":23},"end":{"line":25,"column":62}},{"start":{"line":26,"column":20},"end":{"line":26,"column":70}},{"start":{"line":27,"column":20},"end":{"line":27,"column":71}},{"start":{"line":28,"column":20},"end":{"line":28,"column":29}}]},"2":{"line":30,"type":"binary-expr","locations":[{"start":{"line":30,"column":23},"end":{"line":30,"column":37}},{"start":{"line":31,"column":20},"end":{"line":31,"column":61}},{"start":{"line":32,"column":20},"end":{"line":32,"column":70}},{"start":{"line":33,"column":20},"end":{"line":33,"column":26}}]},"3":{"line":37,"type":"cond-expr","locations":[{"start":{"line":38,"column":14},"end":{"line":38,"column":20}},{"start":{"line":39,"column":14},"end":{"line":39,"column":20}}]},"4":{"line":40,"type":"switch","locations":[{"start":{"line":42,"column":8},"end":{"line":47,"column":18}},{"start":{"line":49,"column":8},"end":{"line":52,"column":18}}]},"5":{"line":44,"type":"binary-expr","locations":[{"start":{"line":44,"column":16},"end":{"line":44,"column":44}},{"start":{"line":44,"column":48},"end":{"line":44,"column":66}}]},"6":{"line":50,"type":"binary-expr","locations":[{"start":{"line":50,"column":21},"end":{"line":50,"column":49}},{"start":{"line":50,"column":53},"end":{"line":50,"column":72}}]},"7":{"line":64,"type":"switch","locations":[{"start":{"line":69,"column":4},"end":{"line":70,"column":14}},{"start":{"line":75,"column":4},"end":{"line":76,"column":14}}]},"8":{"line":85,"type":"switch","locations":[{"start":{"line":90,"column":4},"end":{"line":105,"column":14}},{"start":{"line":111,"column":4},"end":{"line":193,"column":14},"skip":true}]},"9":{"line":91,"type":"binary-expr","locations":[{"start":{"line":91,"column":42},"end":{"line":91,"column":73}},{"start":{"line":91,"column":77},"end":{"line":99,"column":9}}]},"10":{"line":102,"type":"binary-expr","locations":[{"start":{"line":102,"column":18},"end":{"line":102,"column":32}},{"start":{"line":103,"column":12},"end":{"line":103,"column":53}},{"start":{"line":104,"column":12},"end":{"line":104,"column":61}}]},"11":{"line":112,"type":"binary-expr","locations":[{"start":{"line":112,"column":45},"end":{"line":112,"column":79},"skip":true},{"start":{"line":112,"column":83},"end":{"line":121,"column":9},"skip":true}]},"12":{"line":123,"type":"binary-expr","locations":[{"start":{"line":123,"column":42},"end":{"line":123,"column":73},"skip":true},{"start":{"line":123,"column":77},"end":{"line":136,"column":9},"skip":true}]},"13":{"line":138,"type":"binary-expr","locations":[{"start":{"line":138,"column":48},"end":{"line":138,"column":85},"skip":true},{"start":{"line":139,"column":12},"end":{"line":145,"column":13},"skip":true}]},"14":{"line":147,"type":"binary-expr","locations":[{"start":{"line":147,"column":42},"end":{"line":147,"column":73},"skip":true},{"start":{"line":147,"column":77},"end":{"line":156,"column":9},"skip":true}]},"15":{"line":158,"type":"binary-expr","locations":[{"start":{"line":158,"column":45},"end":{"line":158,"column":79},"skip":true},{"start":{"line":158,"column":83},"end":{"line":167,"column":9},"skip":true}]},"16":{"line":169,"type":"binary-expr","locations":[{"start":{"line":169,"column":43},"end":{"line":169,"column":75},"skip":true},{"start":{"line":169,"column":79},"end":{"line":178,"column":9},"skip":true}]},"17":{"line":180,"type":"binary-expr","locations":[{"start":{"line":180,"column":41},"end":{"line":180,"column":71},"skip":true},{"start":{"line":180,"column":75},"end":{"line":189,"column":9},"skip":true}]}},"code":["/* istanbul instrument in package npmtest_node_telegram_bot_api */","/*jslint","    bitwise: true,","    browser: true,","    maxerr: 8,","    maxlen: 96,","    node: true,","    nomen: true,","    regexp: true,","    stupid: true","*/","(function () {","    'use strict';","    var local;","","","","    // run shared js-env code - pre-init","    (function () {","        // init local","        local = {};","        // init modeJs","        local.modeJs = (function () {","            try {","                return typeof navigator.userAgent === 'string' &&","                    typeof document.querySelector('body') === 'object' &&","                    typeof XMLHttpRequest.prototype.open === 'function' &&","                    'browser';","            } catch (errorCaughtBrowser) {","                return module.exports &&","                    typeof process.versions.node === 'string' &&","                    typeof require('http').createServer === 'function' &&","                    'node';","            }","        }());","        // init global","        local.global = local.modeJs === 'browser'","            ? window","            : global;","        switch (local.modeJs) {","        // re-init local from window.local","        case 'browser':","            local = local.global.utility2.objectSetDefault(","                local.global.utility2_rollup || local.global.local,","                local.global.utility2","            );","            break;","        // re-init local from example.js","        case 'node':","            local = (local.global.utility2_rollup || require('utility2'))","                .requireExampleJsFromReadme();","            break;","        }","        // export local","        local.global.local = local;","    }());","","","","    // run shared js-env code - function","    (function () {","        return;","    }());","    switch (local.modeJs) {","","","","    // run browser js-env code - function","    case 'browser':","        break;","","","","    // run node js-env code - function","    case 'node':","        break;","    }","","","","    // run shared js-env code - post-init","    (function () {","        return;","    }());","    switch (local.modeJs) {","","","","    // run browser js-env code - post-init","    case 'browser':","        local.testCase_browser_nullCase = local.testCase_browser_nullCase || function (","            options,","            onError","        ) {","        /*","         * this function will test browsers's null-case handling-behavior-behavior","         */","            onError(null, options);","        };","","        // run tests","        local.nop(local.modeTest &&","            document.querySelector('#testRunButton1') &&","            document.querySelector('#testRunButton1').click());","        break;","","","","    // run node js-env code - post-init","    /* istanbul ignore next */","    case 'node':","        local.testCase_buildApidoc_default = local.testCase_buildApidoc_default || function (","            options,","            onError","        ) {","        /*","         * this function will test buildApidoc's default handling-behavior-behavior","         */","            options = { modulePathList: module.paths };","            local.buildApidoc(options, onError);","        };","","        local.testCase_buildApp_default = local.testCase_buildApp_default || function (","            options,","            onError","        ) {","        /*","         * this function will test buildApp's default handling-behavior-behavior","         */","            local.testCase_buildReadme_default(options, local.onErrorThrow);","            local.testCase_buildLib_default(options, local.onErrorThrow);","            local.testCase_buildTest_default(options, local.onErrorThrow);","            local.testCase_buildCustomOrg_default(options, local.onErrorThrow);","            options = [];","            local.buildApp(options, onError);","        };","","        local.testCase_buildCustomOrg_default = local.testCase_buildCustomOrg_default ||","            function (options, onError) {","            /*","             * this function will test buildCustomOrg's default handling-behavior","             */","                options = {};","                local.buildCustomOrg(options, onError);","            };","","        local.testCase_buildLib_default = local.testCase_buildLib_default || function (","            options,","            onError","        ) {","        /*","         * this function will test buildLib's default handling-behavior","         */","            options = {};","            local.buildLib(options, onError);","        };","","        local.testCase_buildReadme_default = local.testCase_buildReadme_default || function (","            options,","            onError","        ) {","        /*","         * this function will test buildReadme's default handling-behavior-behavior","         */","            options = {};","            local.buildReadme(options, onError);","        };","","        local.testCase_buildTest_default = local.testCase_buildTest_default || function (","            options,","            onError","        ) {","        /*","         * this function will test buildTest's default handling-behavior","         */","            options = {};","            local.buildTest(options, onError);","        };","","        local.testCase_webpage_default = local.testCase_webpage_default || function (","            options,","            onError","        ) {","        /*","         * this function will test webpage's default handling-behavior","         */","            options = { modeCoverageMerge: true, url: local.serverLocalHost + '?modeTest=1' };","            local.browserTest(options, onError);","        };","","        // run test-server","        local.testRunServer(local);","        break;","    }","}());",""],"l":{"12":2,"14":2,"19":2,"21":2,"23":2,"24":2,"25":2,"30":1,"37":2,"40":2,"43":1,"47":1,"50":1,"52":1,"55":2,"61":2,"62":2,"64":2,"70":1,"76":1,"82":2,"83":2,"85":2,"91":1,"98":1,"102":1,"105":1,"112":1,"119":1,"120":1,"123":1,"130":1,"131":1,"132":1,"133":1,"134":1,"135":1,"138":1,"143":2,"144":2,"147":1,"154":2,"155":2,"158":1,"165":2,"166":2,"169":1,"176":2,"177":2,"180":1,"187":1,"188":1,"192":1,"193":1}},"/home/travis/build/npmtest/node-npmtest-node-telegram-bot-api/lib.npmtest_node_telegram_bot_api.js":{"path":"/home/travis/build/npmtest/node-npmtest-node-telegram-bot-api/lib.npmtest_node_telegram_bot_api.js","s":{"1":2,"2":2,"3":2,"4":2,"5":2,"6":2,"7":2,"8":1,"9":2,"10":2,"11":2,"12":2,"13":1,"14":1,"15":1,"16":1},"b":{"1":[2,1,1,1],"2":[1,1,1,1],"3":[1,1],"4":[2,2],"5":[1,1]},"f":{"1":2,"2":2,"3":2},"fnMap":{"1":{"name":"(anonymous_1)","line":12,"loc":{"start":{"line":12,"column":1},"end":{"line":12,"column":13}}},"2":{"name":"(anonymous_2)","line":19,"loc":{"start":{"line":19,"column":5},"end":{"line":19,"column":17}}},"3":{"name":"(anonymous_3)","line":23,"loc":{"start":{"line":23,"column":24},"end":{"line":23,"column":36}}}},"statementMap":{"1":{"start":{"line":12,"column":0},"end":{"line":53,"column":5}},"2":{"start":{"line":14,"column":4},"end":{"line":14,"column":14}},"3":{"start":{"line":19,"column":4},"end":{"line":52,"column":9}},"4":{"start":{"line":21,"column":8},"end":{"line":21,"column":19}},"5":{"start":{"line":23,"column":8},"end":{"line":35,"column":13}},"6":{"start":{"line":24,"column":12},"end":{"line":34,"column":13}},"7":{"start":{"line":25,"column":16},"end":{"line":28,"column":30}},"8":{"start":{"line":30,"column":16},"end":{"line":33,"column":27}},"9":{"start":{"line":37,"column":8},"end":{"line":39,"column":21}},"10":{"start":{"line":41,"column":8},"end":{"line":41,"column":54}},"11":{"start":{"line":43,"column":8},"end":{"line":43,"column":66}},"12":{"start":{"line":45,"column":8},"end":{"line":51,"column":9}},"13":{"start":{"line":46,"column":12},"end":{"line":46,"column":72}},"14":{"start":{"line":48,"column":12},"end":{"line":48,"column":35}},"15":{"start":{"line":49,"column":12},"end":{"line":49,"column":49}},"16":{"start":{"line":50,"column":12},"end":{"line":50,"column":43}}},"branchMap":{"1":{"line":25,"type":"binary-expr","locations":[{"start":{"line":25,"column":23},"end":{"line":25,"column":62}},{"start":{"line":26,"column":20},"end":{"line":26,"column":70}},{"start":{"line":27,"column":20},"end":{"line":27,"column":71}},{"start":{"line":28,"column":20},"end":{"line":28,"column":29}}]},"2":{"line":30,"type":"binary-expr","locations":[{"start":{"line":30,"column":23},"end":{"line":30,"column":37}},{"start":{"line":31,"column":20},"end":{"line":31,"column":61}},{"start":{"line":32,"column":20},"end":{"line":32,"column":70}},{"start":{"line":33,"column":20},"end":{"line":33,"column":26}}]},"3":{"line":37,"type":"cond-expr","locations":[{"start":{"line":38,"column":14},"end":{"line":38,"column":20}},{"start":{"line":39,"column":14},"end":{"line":39,"column":20}}]},"4":{"line":41,"type":"binary-expr","locations":[{"start":{"line":41,"column":16},"end":{"line":41,"column":44}},{"start":{"line":41,"column":48},"end":{"line":41,"column":53}}]},"5":{"line":45,"type":"if","locations":[{"start":{"line":45,"column":8},"end":{"line":45,"column":8}},{"start":{"line":45,"column":8},"end":{"line":45,"column":8}}]}},"code":["/* istanbul instrument in package npmtest_node_telegram_bot_api */","/*jslint","    bitwise: true,","    browser: true,","    maxerr: 8,","    maxlen: 96,","    node: true,","    nomen: true,","    regexp: true,","    stupid: true","*/","(function () {","    'use strict';","    var local;","","","","    // run shared js-env code - pre-init","    (function () {","        // init local","        local = {};","        // init modeJs","        local.modeJs = (function () {","            try {","                return typeof navigator.userAgent === 'string' &&","                    typeof document.querySelector('body') === 'object' &&","                    typeof XMLHttpRequest.prototype.open === 'function' &&","                    'browser';","            } catch (errorCaughtBrowser) {","                return module.exports &&","                    typeof process.versions.node === 'string' &&","                    typeof require('http').createServer === 'function' &&","                    'node';","            }","        }());","        // init global","        local.global = local.modeJs === 'browser'","            ? window","            : global;","        // init utility2_rollup","        local = local.global.utility2_rollup || local;","        // init lib","        local.local = local.npmtest_node_telegram_bot_api = local;","        // init exports","        if (local.modeJs === 'browser') {","            local.global.utility2_npmtest_node_telegram_bot_api = local;","        } else {","            module.exports = local;","            module.exports.__dirname = __dirname;","            module.exports.module = module;","        }","    }());","}());",""],"l":{"12":2,"14":2,"19":2,"21":2,"23":2,"24":2,"25":2,"30":1,"37":2,"41":2,"43":2,"45":2,"46":1,"48":1,"49":1,"50":1}},"/home/travis/build/npmtest/node-npmtest-node-telegram-bot-api/example.js":{"path":"/home/travis/build/npmtest/node-npmtest-node-telegram-bot-api/example.js","s":{"1":2,"2":2,"3":2,"4":2,"5":2,"6":2,"7":2,"8":1,"9":2,"10":2,"11":2,"12":2,"13":1,"14":2,"15":2,"16":2,"17":2,"18":2,"19":0,"20":2,"21":1,"22":1,"23":1,"24":1,"25":1,"26":0,"27":0,"28":1,"29":1,"30":2,"31":0,"32":0,"33":0,"34":1,"35":2,"36":2,"37":3,"38":3,"39":3,"40":3,"41":0,"42":3,"43":3,"44":3,"45":1,"46":3,"47":1,"48":1,"49":1,"50":1,"51":1,"52":1,"53":1,"54":1,"55":1,"56":1,"57":0,"58":1,"59":6,"60":6,"61":1,"62":2,"63":0,"64":2,"65":1,"66":1,"67":0,"68":0,"69":0,"70":0,"71":0,"72":0,"73":0,"74":0,"75":0,"76":0,"77":0,"78":0,"79":0,"80":0,"81":0,"82":0,"83":0},"b":{"1":[2,1,1,1],"2":[1,1,1,1],"3":[1,1],"4":[2,2],"5":[1,1],"6":[1,1],"7":[2,0],"8":[2,1,1,1,1,1],"9":[0,2,0],"10":[1,1],"11":[2,1,1],"12":[1,0],"13":[0,2],"14":[2,0,0,0,0,0,0],"15":[0,3],"16":[3,0],"17":[1,1],"18":[0,1],"19":[1,2,0,2],"20":[1,0],"21":[1,1],"22":[0,0],"23":[0,0],"24":[0,0],"25":[0,0],"26":[0,0],"27":[0,0],"28":[0,0]},"f":{"1":2,"2":2,"3":2,"4":2,"5":2,"6":2,"7":3,"8":3,"9":3,"10":1,"11":6,"12":0},"fnMap":{"1":{"name":"(anonymous_1)","line":26,"loc":{"start":{"line":26,"column":1},"end":{"line":26,"column":13}}},"2":{"name":"(anonymous_2)","line":33,"loc":{"start":{"line":33,"column":5},"end":{"line":33,"column":17}}},"3":{"name":"(anonymous_3)","line":37,"loc":{"start":{"line":37,"column":24},"end":{"line":37,"column":36}}},"4":{"name":"(anonymous_4)","line":69,"loc":{"start":{"line":69,"column":31},"end":{"line":69,"column":48}},"skip":true},"5":{"name":"(anonymous_5)","line":78,"loc":{"start":{"line":78,"column":26},"end":{"line":78,"column":45}},"skip":true},"6":{"name":"(anonymous_6)","line":123,"loc":{"start":{"line":123,"column":33},"end":{"line":123,"column":48}},"skip":true},"7":{"name":"(anonymous_7)","line":125,"loc":{"start":{"line":125,"column":27},"end":{"line":125,"column":39}},"skip":true},"8":{"name":"(anonymous_8)","line":133,"loc":{"start":{"line":133,"column":59},"end":{"line":133,"column":74}},"skip":true},"9":{"name":"(anonymous_9)","line":143,"loc":{"start":{"line":143,"column":45},"end":{"line":143,"column":62}},"skip":true},"10":{"name":"(anonymous_10)","line":144,"loc":{"start":{"line":144,"column":73},"end":{"line":144,"column":92}},"skip":true},"11":{"name":"(anonymous_11)","line":272,"loc":{"start":{"line":272,"column":51},"end":{"line":272,"column":77}},"skip":true},"12":{"name":"(anonymous_12)","line":315,"loc":{"start":{"line":315,"column":32},"end":{"line":315,"column":61}},"skip":true}},"statementMap":{"1":{"start":{"line":26,"column":0},"end":{"line":326,"column":5}},"2":{"start":{"line":28,"column":4},"end":{"line":28,"column":14}},"3":{"start":{"line":33,"column":4},"end":{"line":60,"column":9}},"4":{"start":{"line":35,"column":8},"end":{"line":35,"column":19}},"5":{"start":{"line":37,"column":8},"end":{"line":49,"column":13}},"6":{"start":{"line":38,"column":12},"end":{"line":48,"column":13}},"7":{"start":{"line":39,"column":16},"end":{"line":42,"column":30}},"8":{"start":{"line":44,"column":16},"end":{"line":47,"column":27}},"9":{"start":{"line":51,"column":8},"end":{"line":53,"column":21}},"10":{"start":{"line":55,"column":8},"end":{"line":57,"column":45}},"11":{"start":{"line":59,"column":8},"end":{"line":59,"column":35}},"12":{"start":{"line":61,"column":4},"end":{"line":325,"column":5}},"13":{"start":{"line":69,"column":8},"end":{"line":121,"column":10},"skip":true},"14":{"start":{"line":70,"column":12},"end":{"line":88,"column":13},"skip":true},"15":{"start":{"line":76,"column":16},"end":{"line":87,"column":19},"skip":true},"16":{"start":{"line":79,"column":20},"end":{"line":86,"column":21},"skip":true},"17":{"start":{"line":82,"column":24},"end":{"line":82,"column":43},"skip":true},"18":{"start":{"line":83,"column":24},"end":{"line":83,"column":30},"skip":true},"19":{"start":{"line":85,"column":24},"end":{"line":85,"column":49},"skip":true},"20":{"start":{"line":89,"column":12},"end":{"line":107,"column":13},"skip":true},"21":{"start":{"line":92,"column":16},"end":{"line":102,"column":17},"skip":true},"22":{"start":{"line":93,"column":20},"end":{"line":93,"column":86},"skip":true},"23":{"start":{"line":94,"column":20},"end":{"line":95,"column":45},"skip":true},"24":{"start":{"line":96,"column":20},"end":{"line":96,"column":42},"skip":true},"25":{"start":{"line":97,"column":20},"end":{"line":97,"column":48},"skip":true},"26":{"start":{"line":100,"column":20},"end":{"line":100,"column":85},"skip":true},"27":{"start":{"line":101,"column":20},"end":{"line":101,"column":96},"skip":true},"28":{"start":{"line":103,"column":16},"end":{"line":103,"column":22},"skip":true},"29":{"start":{"line":106,"column":16},"end":{"line":106,"column":22},"skip":true},"30":{"start":{"line":108,"column":12},"end":{"line":120,"column":13},"skip":true},"31":{"start":{"line":114,"column":16},"end":{"line":119,"column":17},"skip":true},"32":{"start":{"line":116,"column":20},"end":{"line":116,"column":78},"skip":true},"33":{"start":{"line":118,"column":20},"end":{"line":118,"column":47},"skip":true},"34":{"start":{"line":123,"column":8},"end":{"line":141,"column":11},"skip":true},"35":{"start":{"line":124,"column":12},"end":{"line":124,"column":54},"skip":true},"36":{"start":{"line":125,"column":12},"end":{"line":140,"column":14},"skip":true},"37":{"start":{"line":126,"column":16},"end":{"line":126,"column":28},"skip":true},"38":{"start":{"line":127,"column":16},"end":{"line":127,"column":69},"skip":true},"39":{"start":{"line":128,"column":16},"end":{"line":128,"column":75},"skip":true},"40":{"start":{"line":129,"column":16},"end":{"line":131,"column":17},"skip":true},"41":{"start":{"line":130,"column":20},"end":{"line":130,"column":27},"skip":true},"42":{"start":{"line":133,"column":16},"end":{"line":137,"column":36},"skip":true},"43":{"start":{"line":134,"column":20},"end":{"line":136,"column":55},"skip":true},"44":{"start":{"line":139,"column":16},"end":{"line":139,"column":57},"skip":true},"45":{"start":{"line":143,"column":8},"end":{"line":147,"column":11},"skip":true},"46":{"start":{"line":144,"column":12},"end":{"line":146,"column":15},"skip":true},"47":{"start":{"line":145,"column":16},"end":{"line":145,"column":70},"skip":true},"48":{"start":{"line":149,"column":8},"end":{"line":149,"column":31},"skip":true},"49":{"start":{"line":150,"column":8},"end":{"line":150,"column":14},"skip":true},"50":{"start":{"line":158,"column":8},"end":{"line":158,"column":31},"skip":true},"51":{"start":{"line":160,"column":8},"end":{"line":160,"column":33},"skip":true},"52":{"start":{"line":161,"column":8},"end":{"line":161,"column":37},"skip":true},"53":{"start":{"line":162,"column":8},"end":{"line":162,"column":35},"skip":true},"54":{"start":{"line":164,"column":8},"end":{"line":164,"column":50},"skip":true},"55":{"start":{"line":166,"column":8},"end":{"line":256,"column":2},"skip":true},"56":{"start":{"line":258,"column":8},"end":{"line":286,"column":9},"skip":true},"57":{"start":{"line":259,"column":12},"end":{"line":269,"column":14},"skip":true},"58":{"start":{"line":271,"column":12},"end":{"line":285,"column":19},"skip":true},"59":{"start":{"line":274,"column":20},"end":{"line":274,"column":35},"skip":true},"60":{"start":{"line":275,"column":20},"end":{"line":284,"column":21},"skip":true},"61":{"start":{"line":277,"column":24},"end":{"line":277,"column":64},"skip":true},"62":{"start":{"line":279,"column":24},"end":{"line":279,"column":40},"skip":true},"63":{"start":{"line":281,"column":24},"end":{"line":281,"column":40},"skip":true},"64":{"start":{"line":283,"column":24},"end":{"line":283,"column":39},"skip":true},"65":{"start":{"line":288,"column":8},"end":{"line":290,"column":9},"skip":true},"66":{"start":{"line":289,"column":12},"end":{"line":289,"column":18},"skip":true},"67":{"start":{"line":291,"column":8},"end":{"line":293,"column":54},"skip":true},"68":{"start":{"line":296,"column":8},"end":{"line":301,"column":37},"skip":true},"69":{"start":{"line":303,"column":8},"end":{"line":303,"column":82},"skip":true},"70":{"start":{"line":306,"column":8},"end":{"line":308,"column":9},"skip":true},"71":{"start":{"line":307,"column":12},"end":{"line":307,"column":82},"skip":true},"72":{"start":{"line":310,"column":8},"end":{"line":312,"column":9},"skip":true},"73":{"start":{"line":311,"column":12},"end":{"line":311,"column":18},"skip":true},"74":{"start":{"line":313,"column":8},"end":{"line":313,"column":54},"skip":true},"75":{"start":{"line":314,"column":8},"end":{"line":314,"column":69},"skip":true},"76":{"start":{"line":315,"column":8},"end":{"line":323,"column":36},"skip":true},"77":{"start":{"line":316,"column":12},"end":{"line":316,"column":61},"skip":true},"78":{"start":{"line":317,"column":12},"end":{"line":320,"column":13},"skip":true},"79":{"start":{"line":318,"column":16},"end":{"line":318,"column":75},"skip":true},"80":{"start":{"line":319,"column":16},"end":{"line":319,"column":23},"skip":true},"81":{"start":{"line":321,"column":12},"end":{"line":321,"column":38},"skip":true},"82":{"start":{"line":322,"column":12},"end":{"line":322,"column":27},"skip":true},"83":{"start":{"line":324,"column":8},"end":{"line":324,"column":14},"skip":true}},"branchMap":{"1":{"line":39,"type":"binary-expr","locations":[{"start":{"line":39,"column":23},"end":{"line":39,"column":62}},{"start":{"line":40,"column":20},"end":{"line":40,"column":70}},{"start":{"line":41,"column":20},"end":{"line":41,"column":71}},{"start":{"line":42,"column":20},"end":{"line":42,"column":29}}]},"2":{"line":44,"type":"binary-expr","locations":[{"start":{"line":44,"column":23},"end":{"line":44,"column":37}},{"start":{"line":45,"column":20},"end":{"line":45,"column":61}},{"start":{"line":46,"column":20},"end":{"line":46,"column":70}},{"start":{"line":47,"column":20},"end":{"line":47,"column":26}}]},"3":{"line":51,"type":"cond-expr","locations":[{"start":{"line":52,"column":14},"end":{"line":52,"column":20}},{"start":{"line":53,"column":14},"end":{"line":53,"column":20}}]},"4":{"line":55,"type":"binary-expr","locations":[{"start":{"line":55,"column":16},"end":{"line":55,"column":44}},{"start":{"line":55,"column":49},"end":{"line":57,"column":43}}]},"5":{"line":55,"type":"cond-expr","locations":[{"start":{"line":56,"column":14},"end":{"line":56,"column":65}},{"start":{"line":57,"column":14},"end":{"line":57,"column":43}}]},"6":{"line":61,"type":"switch","locations":[{"start":{"line":68,"column":4},"end":{"line":150,"column":14},"skip":true},{"start":{"line":156,"column":4},"end":{"line":324,"column":14},"skip":true}]},"7":{"line":70,"type":"if","locations":[{"start":{"line":70,"column":12},"end":{"line":70,"column":12},"skip":true},{"start":{"line":70,"column":12},"end":{"line":70,"column":12},"skip":true}]},"8":{"line":70,"type":"binary-expr","locations":[{"start":{"line":70,"column":16},"end":{"line":70,"column":22},"skip":true},{"start":{"line":70,"column":27},"end":{"line":70,"column":32},"skip":true},{"start":{"line":71,"column":20},"end":{"line":71,"column":39},"skip":true},{"start":{"line":72,"column":20},"end":{"line":72,"column":49},"skip":true},{"start":{"line":73,"column":20},"end":{"line":73,"column":58},"skip":true},{"start":{"line":74,"column":20},"end":{"line":74,"column":69},"skip":true}]},"9":{"line":79,"type":"switch","locations":[{"start":{"line":80,"column":20},"end":{"line":80,"column":33},"skip":true},{"start":{"line":81,"column":20},"end":{"line":83,"column":30},"skip":true},{"start":{"line":84,"column":20},"end":{"line":85,"column":49},"skip":true}]},"10":{"line":89,"type":"switch","locations":[{"start":{"line":90,"column":12},"end":{"line":103,"column":22},"skip":true},{"start":{"line":105,"column":12},"end":{"line":106,"column":22},"skip":true}]},"11":{"line":89,"type":"binary-expr","locations":[{"start":{"line":89,"column":20},"end":{"line":89,"column":25},"skip":true},{"start":{"line":89,"column":29},"end":{"line":89,"column":48},"skip":true},{"start":{"line":89,"column":52},"end":{"line":89,"column":74},"skip":true}]},"12":{"line":92,"type":"if","locations":[{"start":{"line":92,"column":16},"end":{"line":92,"column":16},"skip":true},{"start":{"line":92,"column":16},"end":{"line":92,"column":16},"skip":true}]},"13":{"line":108,"type":"if","locations":[{"start":{"line":108,"column":12},"end":{"line":108,"column":12},"skip":true},{"start":{"line":108,"column":12},"end":{"line":108,"column":12},"skip":true}]},"14":{"line":108,"type":"binary-expr","locations":[{"start":{"line":108,"column":16},"end":{"line":108,"column":61},"skip":true},{"start":{"line":108,"column":66},"end":{"line":108,"column":72},"skip":true},{"start":{"line":108,"column":77},"end":{"line":108,"column":82},"skip":true},{"start":{"line":109,"column":20},"end":{"line":109,"column":39},"skip":true},{"start":{"line":110,"column":20},"end":{"line":110,"column":49},"skip":true},{"start":{"line":111,"column":20},"end":{"line":111,"column":58},"skip":true},{"start":{"line":112,"column":20},"end":{"line":112,"column":68},"skip":true}]},"15":{"line":129,"type":"if","locations":[{"start":{"line":129,"column":16},"end":{"line":129,"column":16},"skip":true},{"start":{"line":129,"column":16},"end":{"line":129,"column":16},"skip":true}]},"16":{"line":134,"type":"cond-expr","locations":[{"start":{"line":135,"column":26},"end":{"line":135,"column":29},"skip":true},{"start":{"line":136,"column":26},"end":{"line":136,"column":54},"skip":true}]},"17":{"line":164,"type":"binary-expr","locations":[{"start":{"line":164,"column":27},"end":{"line":164,"column":43},"skip":true},{"start":{"line":164,"column":47},"end":{"line":164,"column":49},"skip":true}]},"18":{"line":258,"type":"if","locations":[{"start":{"line":258,"column":8},"end":{"line":258,"column":8},"skip":true},{"start":{"line":258,"column":8},"end":{"line":258,"column":8},"skip":true}]},"19":{"line":275,"type":"switch","locations":[{"start":{"line":276,"column":20},"end":{"line":277,"column":64},"skip":true},{"start":{"line":278,"column":20},"end":{"line":279,"column":40},"skip":true},{"start":{"line":280,"column":20},"end":{"line":281,"column":40},"skip":true},{"start":{"line":282,"column":20},"end":{"line":283,"column":39},"skip":true}]},"20":{"line":288,"type":"if","locations":[{"start":{"line":288,"column":8},"end":{"line":288,"column":8},"skip":true},{"start":{"line":288,"column":8},"end":{"line":288,"column":8},"skip":true}]},"21":{"line":288,"type":"binary-expr","locations":[{"start":{"line":288,"column":12},"end":{"line":288,"column":40},"skip":true},{"start":{"line":288,"column":44},"end":{"line":288,"column":67},"skip":true}]},"22":{"line":292,"type":"binary-expr","locations":[{"start":{"line":292,"column":12},"end":{"line":292,"column":50},"skip":true},{"start":{"line":293,"column":12},"end":{"line":293,"column":53},"skip":true}]},"23":{"line":297,"type":"binary-expr","locations":[{"start":{"line":297,"column":12},"end":{"line":297,"column":79},"skip":true},{"start":{"line":298,"column":12},"end":{"line":301,"column":36},"skip":true}]},"24":{"line":303,"type":"binary-expr","locations":[{"start":{"line":303,"column":43},"end":{"line":303,"column":75},"skip":true},{"start":{"line":303,"column":79},"end":{"line":303,"column":81},"skip":true}]},"25":{"line":306,"type":"if","locations":[{"start":{"line":306,"column":8},"end":{"line":306,"column":8},"skip":true},{"start":{"line":306,"column":8},"end":{"line":306,"column":8},"skip":true}]},"26":{"line":310,"type":"if","locations":[{"start":{"line":310,"column":8},"end":{"line":310,"column":8},"skip":true},{"start":{"line":310,"column":8},"end":{"line":310,"column":8},"skip":true}]},"27":{"line":313,"type":"binary-expr","locations":[{"start":{"line":313,"column":27},"end":{"line":313,"column":43},"skip":true},{"start":{"line":313,"column":47},"end":{"line":313,"column":53},"skip":true}]},"28":{"line":317,"type":"if","locations":[{"start":{"line":317,"column":12},"end":{"line":317,"column":12},"skip":true},{"start":{"line":317,"column":12},"end":{"line":317,"column":12},"skip":true}]}},"code":["/*","example.js","","quickstart example","","instruction","    1. save this script as example.js","    2. run the shell command:","        $ npm install npmtest-node-telegram-bot-api && PORT=8081 node example.js","    3. play with the browser-demo on http://127.0.0.1:8081","*/","","","","/* istanbul instrument in package npmtest_node_telegram_bot_api */","/*jslint","    bitwise: true,","    browser: true,","    maxerr: 8,","    maxlen: 96,","    node: true,","    nomen: true,","    regexp: true,","    stupid: true","*/","(function () {","    'use strict';","    var local;","","","","    // run shared js-env code - pre-init","    (function () {","        // init local","        local = {};","        // init modeJs","        local.modeJs = (function () {","            try {","                return typeof navigator.userAgent === 'string' &&","                    typeof document.querySelector('body') === 'object' &&","                    typeof XMLHttpRequest.prototype.open === 'function' &&","                    'browser';","            } catch (errorCaughtBrowser) {","                return module.exports &&","                    typeof process.versions.node === 'string' &&","                    typeof require('http').createServer === 'function' &&","                    'node';","            }","        }());","        // init global","        local.global = local.modeJs === 'browser'","            ? window","            : global;","        // init utility2_rollup","        local = local.global.utility2_rollup || (local.modeJs === 'browser'","            ? local.global.utility2_npmtest_node_telegram_bot_api","            : global.utility2_moduleExports);","        // export local","        local.global.local = local;","    }());","    switch (local.modeJs) {","","","","    // post-init","    // run browser js-env code - post-init","    /* istanbul ignore next */","    case 'browser':","        local.testRunBrowser = function (event) {","            if (!event || (event &&","                    event.currentTarget &&","                    event.currentTarget.className &&","                    event.currentTarget.className.includes &&","                    event.currentTarget.className.includes('onreset'))) {","                // reset output","                Array.from(","                    document.querySelectorAll('body > .resettable')","                ).forEach(function (element) {","                    switch (element.tagName) {","                    case 'INPUT':","                    case 'TEXTAREA':","                        element.value = '';","                        break;","                    default:","                        element.textContent = '';","                    }","                });","            }","            switch (event && event.currentTarget && event.currentTarget.id) {","            case 'testRunButton1':","                // show tests","                if (document.querySelector('#testReportDiv1').style.display === 'none') {","                    document.querySelector('#testReportDiv1').style.display = 'block';","                    document.querySelector('#testRunButton1').textContent =","                        'hide internal test';","                    local.modeTest = true;","                    local.testRunDefault(local);","                // hide tests","                } else {","                    document.querySelector('#testReportDiv1').style.display = 'none';","                    document.querySelector('#testRunButton1').textContent = 'run internal test';","                }","                break;","            // custom-case","            default:","                break;","            }","            if (document.querySelector('#inputTextareaEval1') && (!event || (event &&","                    event.currentTarget &&","                    event.currentTarget.className &&","                    event.currentTarget.className.includes &&","                    event.currentTarget.className.includes('oneval')))) {","                // try to eval input-code","                try {","                    /*jslint evil: true*/","                    eval(document.querySelector('#inputTextareaEval1').value);","                } catch (errorCaught) {","                    console.error(errorCaught);","                }","            }","        };","        // log stderr and stdout to #outputTextareaStdout1","        ['error', 'log'].forEach(function (key) {","            console[key + '_original'] = console[key];","            console[key] = function () {","                var element;","                console[key + '_original'].apply(console, arguments);","                element = document.querySelector('#outputTextareaStdout1');","                if (!element) {","                    return;","                }","                // append text to #outputTextareaStdout1","                element.value += Array.from(arguments).map(function (arg) {","                    return typeof arg === 'string'","                        ? arg","                        : JSON.stringify(arg, null, 4);","                }).join(' ') + '\\n';","                // scroll textarea to bottom","                element.scrollTop = element.scrollHeight;","            };","        });","        // init event-handling","        ['change', 'click', 'keyup'].forEach(function (event) {","            Array.from(document.querySelectorAll('.on' + event)).forEach(function (element) {","                element.addEventListener(event, local.testRunBrowser);","            });","        });","        // run tests","        local.testRunBrowser();","        break;","","","","    // run node js-env code - post-init","    /* istanbul ignore next */","    case 'node':","        // export local","        module.exports = local;","        // require modules","        local.fs = require('fs');","        local.http = require('http');","        local.url = require('url');","        // init assets","        local.assetsDict = local.assetsDict || {};","        /* jslint-ignore-begin */","        local.assetsDict['/assets.index.template.html'] = '\\","<!doctype html>\\n\\","<html lang=\"en\">\\n\\","<head>\\n\\","<meta charset=\"UTF-8\">\\n\\","<meta name=\"viewport\" content=\"width=device-width, initial-scale=1\">\\n\\","<title>{{env.npm_package_name}} (v{{env.npm_package_version}})</title>\\n\\","<style>\\n\\","/*csslint\\n\\","    box-sizing: false,\\n\\","    universal-selector: false\\n\\","*/\\n\\","* {\\n\\","    box-sizing: border-box;\\n\\","}\\n\\","body {\\n\\","    background: #dde;\\n\\","    font-family: Arial, Helvetica, sans-serif;\\n\\","    margin: 2rem;\\n\\","}\\n\\","body > * {\\n\\","    margin-bottom: 1rem;\\n\\","}\\n\\",".utility2FooterDiv {\\n\\","    margin-top: 20px;\\n\\","    text-align: center;\\n\\","}\\n\\","</style>\\n\\","<style>\\n\\","/*csslint\\n\\","*/\\n\\","textarea {\\n\\","    font-family: monospace;\\n\\","    height: 10rem;\\n\\","    width: 100%;\\n\\","}\\n\\","textarea[readonly] {\\n\\","    background: #ddd;\\n\\","}\\n\\","</style>\\n\\","</head>\\n\\","<body>\\n\\","<!-- utility2-comment\\n\\","<div id=\"ajaxProgressDiv1\" style=\"background: #d00; height: 2px; left: 0; margin: 0; padding: 0; position: fixed; top: 0; transition: background 0.5s, width 1.5s; width: 25%;\"></div>\\n\\","utility2-comment -->\\n\\","<h1>\\n\\","<!-- utility2-comment\\n\\","    <a\\n\\","        {{#if env.npm_package_homepage}}\\n\\","        href=\"{{env.npm_package_homepage}}\"\\n\\","        {{/if env.npm_package_homepage}}\\n\\","        target=\"_blank\"\\n\\","    >\\n\\","utility2-comment -->\\n\\","        {{env.npm_package_name}} (v{{env.npm_package_version}})\\n\\","<!-- utility2-comment\\n\\","    </a>\\n\\","utility2-comment -->\\n\\","</h1>\\n\\","<h3>{{env.npm_package_description}}</h3>\\n\\","<!-- utility2-comment\\n\\","<h4><a download href=\"assets.app.js\">download standalone app</a></h4>\\n\\","<button class=\"onclick onreset\" id=\"testRunButton1\">run internal test</button><br>\\n\\","<div id=\"testReportDiv1\" style=\"display: none;\"></div>\\n\\","utility2-comment -->\\n\\","\\n\\","\\n\\","\\n\\","<label>stderr and stdout</label>\\n\\","<textarea class=\"resettable\" id=\"outputTextareaStdout1\" readonly></textarea>\\n\\","<!-- utility2-comment\\n\\","{{#if isRollup}}\\n\\","<script src=\"assets.app.js\"></script>\\n\\","{{#unless isRollup}}\\n\\","utility2-comment -->\\n\\","<script src=\"assets.utility2.rollup.js\"></script>\\n\\","<script src=\"jsonp.utility2._stateInit?callback=window.utility2._stateInit\"></script>\\n\\","<script src=\"assets.npmtest_node_telegram_bot_api.rollup.js\"></script>\\n\\","<script src=\"assets.example.js\"></script>\\n\\","<script src=\"assets.test.js\"></script>\\n\\","<!-- utility2-comment\\n\\","{{/if isRollup}}\\n\\","utility2-comment -->\\n\\","<div class=\"utility2FooterDiv\">\\n\\","    [ this app was created with\\n\\","    <a href=\"https://github.com/kaizhu256/node-utility2\" target=\"_blank\">utility2</a>\\n\\","    ]\\n\\","</div>\\n\\","</body>\\n\\","</html>\\n\\","';","        /* jslint-ignore-end */","        if (local.templateRender) {","            local.assetsDict['/'] = local.templateRender(","                local.assetsDict['/assets.index.template.html'],","                {","                    env: local.objectSetDefault(local.env, {","                        npm_package_description: 'the greatest app in the world!',","                        npm_package_name: 'my-app',","                        npm_package_nameAlias: 'my_app',","                        npm_package_version: '0.0.1'","                    })","                }","            );","        } else {","            local.assetsDict['/'] = local.assetsDict['/assets.index.template.html']","                .replace((/\\{\\{env\\.(\\w+?)\\}\\}/g), function (match0, match1) {","                    // jslint-hack","                    String(match0);","                    switch (match1) {","                    case 'npm_package_description':","                        return 'the greatest app in the world!';","                    case 'npm_package_name':","                        return 'my-app';","                    case 'npm_package_nameAlias':","                        return 'my_app';","                    case 'npm_package_version':","                        return '0.0.1';","                    }","                });","        }","        // run the cli","        if (local.global.utility2_rollup || module !== require.main) {","            break;","        }","        local.assetsDict['/assets.example.js'] =","            local.assetsDict['/assets.example.js'] ||","            local.fs.readFileSync(__filename, 'utf8');","        // bug-workaround - long $npm_package_buildCustomOrg","        /* jslint-ignore-begin */","        local.assetsDict['/assets.npmtest_node_telegram_bot_api.rollup.js'] =","            local.assetsDict['/assets.npmtest_node_telegram_bot_api.rollup.js'] ||","            local.fs.readFileSync(","                local.npmtest_node_telegram_bot_api.__dirname + '/lib.npmtest_node_telegram_bot_api.js',","                'utf8'","            ).replace((/^#!/), '//');","        /* jslint-ignore-end */","        local.assetsDict['/favicon.ico'] = local.assetsDict['/favicon.ico'] || '';","        // if $npm_config_timeout_exit exists,","        // then exit this process after $npm_config_timeout_exit ms","        if (Number(process.env.npm_config_timeout_exit)) {","            setTimeout(process.exit, Number(process.env.npm_config_timeout_exit));","        }","        // start server","        if (local.global.utility2_serverHttp1) {","            break;","        }","        process.env.PORT = process.env.PORT || '8081';","        console.error('server starting on port ' + process.env.PORT);","        local.http.createServer(function (request, response) {","            request.urlParsed = local.url.parse(request.url);","            if (local.assetsDict[request.urlParsed.pathname] !== undefined) {","                response.end(local.assetsDict[request.urlParsed.pathname]);","                return;","            }","            response.statusCode = 404;","            response.end();","        }).listen(process.env.PORT);","        break;","    }","}());",""],"l":{"26":2,"28":2,"33":2,"35":2,"37":2,"38":2,"39":2,"44":1,"51":2,"55":2,"59":2,"61":2,"69":1,"70":2,"76":2,"79":2,"82":2,"83":2,"85":1,"89":2,"92":1,"93":1,"94":1,"96":1,"97":1,"100":1,"101":1,"103":1,"106":1,"108":2,"114":1,"116":1,"118":1,"123":1,"124":2,"125":2,"126":3,"127":3,"128":3,"129":3,"130":1,"133":3,"134":3,"139":3,"143":1,"144":3,"145":1,"149":1,"150":1,"158":1,"160":1,"161":1,"162":1,"164":1,"166":1,"258":1,"259":1,"271":1,"274":6,"275":6,"277":1,"279":2,"281":1,"283":2,"288":1,"289":1,"291":1,"296":1,"303":1,"306":1,"307":1,"310":1,"311":1,"313":1,"314":1,"315":1,"316":1,"317":1,"318":1,"319":1,"321":1,"322":1,"324":1}},"/home/travis/build/npmtest/node-npmtest-node-telegram-bot-api/node_modules/node-telegram-bot-api/index.js":{"path":"/home/travis/build/npmtest/node-npmtest-node-telegram-bot-api/node_modules/node-telegram-bot-api/index.js","s":{"1":1,"2":1,"3":0,"4":0,"5":0,"6":1},"b":{"1":[0,1]},"f":{},"fnMap":{},"statementMap":{"1":{"start":{"line":6,"column":0},"end":{"line":6,"column":71}},"2":{"start":{"line":7,"column":0},"end":{"line":13,"column":1}},"3":{"start":{"line":8,"column":2},"end":{"line":8,"column":61}},"4":{"start":{"line":9,"column":2},"end":{"line":9,"column":80}},"5":{"start":{"line":10,"column":2},"end":{"line":10,"column":45}},"6":{"start":{"line":12,"column":2},"end":{"line":12,"column":45}}},"branchMap":{"1":{"line":7,"type":"if","locations":[{"start":{"line":7,"column":0},"end":{"line":7,"column":0}},{"start":{"line":7,"column":0},"end":{"line":7,"column":0}}]}},"code":["/**"," * If running on Nodejs 4.x and below, we load the transpiled code."," * Otherwise, we use the ES6 code."," * We are deprecating support for Node.js v4.x and below."," */","const majorVersion = parseInt(process.versions.node.split('.')[0], 10);","if (majorVersion <= 4) {","  const deprecate = require('depd')('node-telegram-bot-api');","  deprecate('Node.js v4.x and below will no longer be supported in the future');","  module.exports = require('./lib/telegram');","} else {","  module.exports = require('./src/telegram');","}",""],"l":{"6":1,"7":1,"8":0,"9":0,"10":0,"12":1}},"/home/travis/build/npmtest/node-npmtest-node-telegram-bot-api/node_modules/node-telegram-bot-api/src/telegram.js":{"path":"/home/travis/build/npmtest/node-npmtest-node-telegram-bot-api/node_modules/node-telegram-bot-api/src/telegram.js","s":{"1":1,"2":1,"3":1,"4":1,"5":1,"6":1,"7":1,"8":1,"9":1,"10":1,"11":1,"12":1,"13":1,"14":1,"15":1,"16":1,"17":1,"18":1,"19":1,"20":1,"21":0,"22":0,"23":0,"24":0,"25":0,"26":0,"27":0,"28":0,"29":0,"30":0,"31":0,"32":0,"33":0,"34":0,"35":0,"36":0,"37":0,"38":0,"39":0,"40":0,"41":0,"42":0,"43":0,"44":0,"45":0,"46":0,"47":0,"48":0,"49":0,"50":0,"51":0,"52":0,"53":0,"54":0,"55":0,"56":0,"57":0,"58":0,"59":0,"60":0,"61":0,"62":0,"63":0,"64":0,"65":0,"66":0,"67":0,"68":0,"69":0,"70":0,"71":0,"72":0,"73":0,"74":0,"75":0,"76":0,"77":0,"78":0,"79":0,"80":0,"81":0,"82":0,"83":0,"84":0,"85":0,"86":0,"87":0,"88":0,"89":0,"90":0,"91":0,"92":0,"93":0,"94":0,"95":0,"96":0,"97":0,"98":0,"99":0,"100":0,"101":0,"102":0,"103":0,"104":0,"105":0,"106":0,"107":0,"108":0,"109":0,"110":0,"111":0,"112":0,"113":0,"114":0,"115":0,"116":0,"117":0,"118":0,"119":0,"120":0,"121":0,"122":0,"123":0,"124":0,"125":0,"126":0,"127":0,"128":0,"129":0,"130":0,"131":0,"132":0,"133":0,"134":0,"135":0,"136":0,"137":0,"138":0,"139":0,"140":0,"141":0,"142":0,"143":0,"144":0,"145":0,"146":0,"147":0,"148":0,"149":0,"150":0,"151":0,"152":0,"153":0,"154":0,"155":0,"156":0,"157":0,"158":0,"159":0,"160":0,"161":0,"162":0,"163":0,"164":0,"165":0,"166":0,"167":0,"168":0,"169":0,"170":0,"171":0,"172":0,"173":0,"174":0,"175":0,"176":0,"177":0,"178":0,"179":0,"180":0,"181":0,"182":0,"183":0,"184":0,"185":0,"186":0,"187":0,"188":0,"189":0,"190":0,"191":0,"192":0,"193":0,"194":0,"195":0,"196":0,"197":0,"198":0,"199":0,"200":0,"201":0,"202":0,"203":0,"204":0,"205":0,"206":0,"207":0,"208":0,"209":0,"210":0,"211":0,"212":0,"213":0,"214":0,"215":0,"216":0,"217":0,"218":0,"219":0,"220":0,"221":0,"222":0,"223":0,"224":0,"225":0,"226":0,"227":0,"228":0,"229":0,"230":0,"231":0,"232":0,"233":0,"234":0,"235":0,"236":0,"237":0,"238":0,"239":0,"240":0,"241":0,"242":0,"243":0,"244":0,"245":0,"246":0,"247":0,"248":0,"249":0,"250":0,"251":0,"252":0,"253":0,"254":0,"255":0,"256":0,"257":0,"258":0,"259":0,"260":0,"261":0,"262":0,"263":0,"264":0,"265":0,"266":0,"267":0,"268":0,"269":0,"270":0,"271":0,"272":0,"273":0,"274":0,"275":0,"276":0,"277":0,"278":0,"279":0,"280":0,"281":0,"282":0,"283":0,"284":0,"285":0,"286":0,"287":0,"288":0,"289":0,"290":0,"291":0,"292":0,"293":0,"294":0,"295":0,"296":0,"297":0,"298":0,"299":0,"300":0,"301":0,"302":0,"303":0,"304":0,"305":0,"306":0,"307":0,"308":0,"309":0,"310":0,"311":0,"312":0,"313":0,"314":0,"315":0,"316":0,"317":0,"318":0,"319":0,"320":0,"321":0,"322":0,"323":0,"324":0,"325":1},"b":{"1":[0,0],"2":[0,0],"3":[0,0],"4":[0,0],"5":[0,0],"6":[0,0],"7":[0,0],"8":[0,0],"9":[0,0],"10":[0,0],"11":[0,0],"12":[0,0],"13":[0,0],"14":[0,0],"15":[0,0],"16":[0,0],"17":[0,0],"18":[0,0],"19":[0,0],"20":[0,0],"21":[0,0],"22":[0,0],"23":[0,0],"24":[0,0],"25":[0,0],"26":[0,0],"27":[0,0],"28":[0,0],"29":[0,0],"30":[0,0],"31":[0,0],"32":[0,0],"33":[0,0],"34":[0,0],"35":[0,0],"36":[0,0],"37":[0,0],"38":[0,0],"39":[0,0],"40":[0,0],"41":[0,0],"42":[0,0],"43":[0,0],"44":[0,0],"45":[0,0],"46":[0,0],"47":[0,0],"48":[0,0],"49":[0,0],"50":[0,0],"51":[0,0],"52":[0,0],"53":[0,0],"54":[0,0],"55":[0,0],"56":[0,0],"57":[0,0],"58":[0,0]},"f":{"1":0,"2":0,"3":0,"4":0,"5":0,"6":0,"7":0,"8":0,"9":0,"10":0,"11":0,"12":0,"13":0,"14":0,"15":0,"16":0,"17":0,"18":0,"19":0,"20":0,"21":0,"22":0,"23":0,"24":0,"25":0,"26":0,"27":0,"28":0,"29":0,"30":0,"31":0,"32":0,"33":0,"34":0,"35":0,"36":0,"37":0,"38":0,"39":0,"40":0,"41":0,"42":0,"43":0,"44":0,"45":0,"46":0,"47":0,"48":0,"49":0,"50":0,"51":0,"52":0,"53":0,"54":0},"fnMap":{"1":{"name":"(anonymous_1)","line":35,"loc":{"start":{"line":35,"column":19},"end":{"line":35,"column":22}}},"2":{"name":"(anonymous_2)","line":39,"loc":{"start":{"line":39,"column":25},"end":{"line":39,"column":28}}},"3":{"name":"(anonymous_3)","line":85,"loc":{"start":{"line":85,"column":13},"end":{"line":85,"column":35}}},"4":{"name":"(anonymous_4)","line":121,"loc":{"start":{"line":121,"column":11},"end":{"line":121,"column":19}}},"5":{"name":"(anonymous_5)","line":132,"loc":{"start":{"line":132,"column":17},"end":{"line":132,"column":23}}},"6":{"name":"(anonymous_6)","line":146,"loc":{"start":{"line":146,"column":10},"end":{"line":146,"column":32}}},"7":{"name":"(anonymous_7)","line":200,"loc":{"start":{"line":200,"column":17},"end":{"line":200,"column":30}}},"8":{"name":"(anonymous_8)","line":258,"loc":{"start":{"line":258,"column":14},"end":{"line":258,"column":29}}},"9":{"name":"(anonymous_9)","line":275,"loc":{"start":{"line":275,"column":13},"end":{"line":275,"column":16}}},"10":{"name":"(anonymous_10)","line":286,"loc":{"start":{"line":286,"column":13},"end":{"line":286,"column":16}}},"11":{"name":"(anonymous_11)","line":297,"loc":{"start":{"line":297,"column":11},"end":{"line":297,"column":14}}},"12":{"name":"(anonymous_12)","line":307,"loc":{"start":{"line":307,"column":13},"end":{"line":307,"column":16}}},"13":{"name":"(anonymous_13)","line":322,"loc":{"start":{"line":322,"column":14},"end":{"line":322,"column":17}}},"14":{"name":"(anonymous_14)","line":334,"loc":{"start":{"line":334,"column":16},"end":{"line":334,"column":19}}},"15":{"name":"(anonymous_15)","line":343,"loc":{"start":{"line":343,"column":7},"end":{"line":343,"column":10}}},"16":{"name":"(anonymous_16)","line":360,"loc":{"start":{"line":360,"column":12},"end":{"line":360,"column":32}}},"17":{"name":"(anonymous_17)","line":398,"loc":{"start":{"line":398,"column":15},"end":{"line":398,"column":18}}},"18":{"name":"(anonymous_18)","line":410,"loc":{"start":{"line":410,"column":16},"end":{"line":410,"column":19}}},"19":{"name":"(anonymous_19)","line":423,"loc":{"start":{"line":423,"column":12},"end":{"line":423,"column":24}}},"20":{"name":"(anonymous_20)","line":448,"loc":{"start":{"line":448,"column":15},"end":{"line":448,"column":24}}},"21":{"name":"(anonymous_21)","line":536,"loc":{"start":{"line":536,"column":13},"end":{"line":536,"column":39}}},"22":{"name":"(anonymous_22)","line":550,"loc":{"start":{"line":550,"column":19},"end":{"line":550,"column":55}}},"23":{"name":"(anonymous_23)","line":565,"loc":{"start":{"line":565,"column":16},"end":{"line":565,"column":59}}},"24":{"name":"(anonymous_24)","line":581,"loc":{"start":{"line":581,"column":11},"end":{"line":581,"column":41}}},"25":{"name":"(anonymous_25)","line":605,"loc":{"start":{"line":605,"column":11},"end":{"line":605,"column":41}}},"26":{"name":"(anonymous_26)","line":630,"loc":{"start":{"line":630,"column":14},"end":{"line":630,"column":57}}},"27":{"name":"(anonymous_27)","line":657,"loc":{"start":{"line":657,"column":13},"end":{"line":657,"column":45}}},"28":{"name":"(anonymous_28)","line":681,"loc":{"start":{"line":681,"column":11},"end":{"line":681,"column":41}}},"29":{"name":"(anonymous_29)","line":705,"loc":{"start":{"line":705,"column":11},"end":{"line":705,"column":41}}},"30":{"name":"(anonymous_30)","line":733,"loc":{"start":{"line":733,"column":16},"end":{"line":733,"column":33}}},"31":{"name":"(anonymous_31)","line":753,"loc":{"start":{"line":753,"column":16},"end":{"line":753,"column":33}}},"32":{"name":"(anonymous_32)","line":772,"loc":{"start":{"line":772,"column":17},"end":{"line":772,"column":34}}},"33":{"name":"(anonymous_33)","line":793,"loc":{"start":{"line":793,"column":21},"end":{"line":793,"column":67}}},"34":{"name":"(anonymous_34)","line":813,"loc":{"start":{"line":813,"column":17},"end":{"line":813,"column":35}}},"35":{"name":"(anonymous_35)","line":831,"loc":{"start":{"line":831,"column":20},"end":{"line":831,"column":41}}},"36":{"name":"(anonymous_36)","line":849,"loc":{"start":{"line":849,"column":24},"end":{"line":849,"column":49}}},"37":{"name":"(anonymous_37)","line":865,"loc":{"start":{"line":865,"column":22},"end":{"line":865,"column":42}}},"38":{"name":"(anonymous_38)","line":893,"loc":{"start":{"line":893,"column":14},"end":{"line":893,"column":55}}},"39":{"name":"(anonymous_39)","line":913,"loc":{"start":{"line":913,"column":11},"end":{"line":913,"column":68}}},"40":{"name":"(anonymous_40)","line":933,"loc":{"start":{"line":933,"column":13},"end":{"line":933,"column":57}}},"41":{"name":"(anonymous_41)","line":950,"loc":{"start":{"line":950,"column":9},"end":{"line":950,"column":18}}},"42":{"name":"(anonymous_42)","line":967,"loc":{"start":{"line":967,"column":13},"end":{"line":967,"column":22}}},"43":{"name":"(anonymous_43)","line":980,"loc":{"start":{"line":980,"column":14},"end":{"line":980,"column":36}}},"44":{"name":"(anonymous_44)","line":1003,"loc":{"start":{"line":1003,"column":8},"end":{"line":1003,"column":27}}},"45":{"name":"(anonymous_45)","line":1015,"loc":{"start":{"line":1015,"column":18},"end":{"line":1015,"column":48}}},"46":{"name":"(anonymous_46)","line":1033,"loc":{"start":{"line":1033,"column":21},"end":{"line":1033,"column":39}}},"47":{"name":"(anonymous_47)","line":1051,"loc":{"start":{"line":1051,"column":9},"end":{"line":1051,"column":18}}},"48":{"name":"(anonymous_48)","line":1064,"loc":{"start":{"line":1064,"column":23},"end":{"line":1064,"column":32}}},"49":{"name":"(anonymous_49)","line":1077,"loc":{"start":{"line":1077,"column":21},"end":{"line":1077,"column":30}}},"50":{"name":"(anonymous_50)","line":1091,"loc":{"start":{"line":1091,"column":15},"end":{"line":1091,"column":32}}},"51":{"name":"(anonymous_51)","line":1105,"loc":{"start":{"line":1105,"column":11},"end":{"line":1105,"column":20}}},"52":{"name":"(anonymous_52)","line":1120,"loc":{"start":{"line":1120,"column":10},"end":{"line":1120,"column":45}}},"53":{"name":"(anonymous_53)","line":1134,"loc":{"start":{"line":1134,"column":14},"end":{"line":1134,"column":41}}},"54":{"name":"(anonymous_54)","line":1147,"loc":{"start":{"line":1147,"column":19},"end":{"line":1147,"column":39}}}},"statementMap":{"1":{"start":{"line":2,"column":0},"end":{"line":2,"column":44}},"2":{"start":{"line":4,"column":0},"end":{"line":4,"column":35}},"3":{"start":{"line":5,"column":0},"end":{"line":5,"column":56}},"4":{"start":{"line":6,"column":0},"end":{"line":6,"column":56}},"5":{"start":{"line":7,"column":0},"end":{"line":7,"column":56}},"6":{"start":{"line":8,"column":0},"end":{"line":8,"column":46}},"7":{"start":{"line":9,"column":0},"end":{"line":9,"column":38}},"8":{"start":{"line":10,"column":0},"end":{"line":10,"column":36}},"9":{"start":{"line":11,"column":0},"end":{"line":11,"column":43}},"10":{"start":{"line":12,"column":0},"end":{"line":12,"column":43}},"11":{"start":{"line":13,"column":0},"end":{"line":13,"column":34}},"12":{"start":{"line":14,"column":0},"end":{"line":14,"column":33}},"13":{"start":{"line":15,"column":0},"end":{"line":15,"column":29}},"14":{"start":{"line":16,"column":0},"end":{"line":16,"column":29}},"15":{"start":{"line":17,"column":0},"end":{"line":17,"column":27}},"16":{"start":{"line":18,"column":0},"end":{"line":18,"column":25}},"17":{"start":{"line":19,"column":0},"end":{"line":19,"column":29}},"18":{"start":{"line":20,"column":0},"end":{"line":20,"column":59}},"19":{"start":{"line":22,"column":0},"end":{"line":26,"column":2}},"20":{"start":{"line":29,"column":0},"end":{"line":31,"column":3}},"21":{"start":{"line":36,"column":4},"end":{"line":36,"column":18}},"22":{"start":{"line":40,"column":4},"end":{"line":40,"column":25}},"23":{"start":{"line":86,"column":4},"end":{"line":86,"column":12}},"24":{"start":{"line":87,"column":4},"end":{"line":87,"column":23}},"25":{"start":{"line":88,"column":4},"end":{"line":88,"column":27}},"26":{"start":{"line":89,"column":4},"end":{"line":89,"column":94}},"27":{"start":{"line":90,"column":4},"end":{"line":90,"column":94}},"28":{"start":{"line":91,"column":4},"end":{"line":91,"column":79}},"29":{"start":{"line":92,"column":4},"end":{"line":92,"column":96}},"30":{"start":{"line":93,"column":4},"end":{"line":93,"column":35}},"31":{"start":{"line":94,"column":4},"end":{"line":94,"column":30}},"32":{"start":{"line":95,"column":4},"end":{"line":95,"column":30}},"33":{"start":{"line":96,"column":4},"end":{"line":96,"column":25}},"34":{"start":{"line":97,"column":4},"end":{"line":97,"column":25}},"35":{"start":{"line":99,"column":4},"end":{"line":104,"column":5}},"36":{"start":{"line":100,"column":6},"end":{"line":100,"column":50}},"37":{"start":{"line":101,"column":6},"end":{"line":103,"column":7}},"38":{"start":{"line":102,"column":8},"end":{"line":102,"column":28}},"39":{"start":{"line":106,"column":4},"end":{"line":111,"column":5}},"40":{"start":{"line":107,"column":6},"end":{"line":107,"column":48}},"41":{"start":{"line":108,"column":6},"end":{"line":110,"column":7}},"42":{"start":{"line":109,"column":8},"end":{"line":109,"column":27}},"43":{"start":{"line":122,"column":4},"end":{"line":122,"column":66}},"44":{"start":{"line":133,"column":4},"end":{"line":133,"column":41}},"45":{"start":{"line":134,"column":4},"end":{"line":136,"column":5}},"46":{"start":{"line":135,"column":6},"end":{"line":135,"column":53}},"47":{"start":{"line":147,"column":4},"end":{"line":149,"column":5}},"48":{"start":{"line":148,"column":6},"end":{"line":148,"column":87}},"49":{"start":{"line":151,"column":4},"end":{"line":153,"column":5}},"50":{"start":{"line":152,"column":6},"end":{"line":152,"column":51}},"51":{"start":{"line":155,"column":4},"end":{"line":157,"column":5}},"52":{"start":{"line":156,"column":6},"end":{"line":156,"column":41}},"53":{"start":{"line":158,"column":4},"end":{"line":160,"column":5}},"54":{"start":{"line":159,"column":6},"end":{"line":159,"column":39}},"55":{"start":{"line":162,"column":4},"end":{"line":162,"column":28}},"56":{"start":{"line":163,"column":4},"end":{"line":163,"column":40}},"57":{"start":{"line":164,"column":4},"end":{"line":164,"column":27}},"58":{"start":{"line":165,"column":4},"end":{"line":165,"column":43}},"59":{"start":{"line":166,"column":4},"end":{"line":166,"column":27}},"60":{"start":{"line":167,"column":4},"end":{"line":167,"column":39}},"61":{"start":{"line":168,"column":4},"end":{"line":186,"column":9}},"62":{"start":{"line":170,"column":8},"end":{"line":170,"column":17}},"63":{"start":{"line":171,"column":8},"end":{"line":175,"column":9}},"64":{"start":{"line":172,"column":10},"end":{"line":172,"column":51}},"65":{"start":{"line":174,"column":10},"end":{"line":174,"column":93}},"66":{"start":{"line":177,"column":8},"end":{"line":179,"column":9}},"67":{"start":{"line":178,"column":10},"end":{"line":178,"column":29}},"68":{"start":{"line":181,"column":8},"end":{"line":181,"column":87}},"69":{"start":{"line":184,"column":8},"end":{"line":184,"column":40}},"70":{"start":{"line":184,"column":28},"end":{"line":184,"column":40}},"71":{"start":{"line":185,"column":8},"end":{"line":185,"column":43}},"72":{"start":{"line":201,"column":4},"end":{"line":201,"column":17}},"73":{"start":{"line":202,"column":4},"end":{"line":202,"column":17}},"74":{"start":{"line":203,"column":4},"end":{"line":203,"column":15}},"75":{"start":{"line":204,"column":4},"end":{"line":247,"column":5}},"76":{"start":{"line":207,"column":6},"end":{"line":207,"column":87}},"77":{"start":{"line":208,"column":6},"end":{"line":208,"column":20}},"78":{"start":{"line":209,"column":6},"end":{"line":215,"column":8}},"79":{"start":{"line":216,"column":11},"end":{"line":247,"column":5}},"80":{"start":{"line":217,"column":6},"end":{"line":217,"column":38}},"81":{"start":{"line":218,"column":6},"end":{"line":220,"column":7}},"82":{"start":{"line":219,"column":8},"end":{"line":219,"column":68}},"83":{"start":{"line":221,"column":6},"end":{"line":221,"column":20}},"84":{"start":{"line":222,"column":6},"end":{"line":228,"column":8}},"85":{"start":{"line":229,"column":11},"end":{"line":247,"column":5}},"86":{"start":{"line":234,"column":6},"end":{"line":234,"column":20}},"87":{"start":{"line":235,"column":11},"end":{"line":247,"column":5}},"88":{"start":{"line":236,"column":6},"end":{"line":236,"column":37}},"89":{"start":{"line":237,"column":6},"end":{"line":237,"column":20}},"90":{"start":{"line":238,"column":6},"end":{"line":244,"column":8}},"91":{"start":{"line":246,"column":6},"end":{"line":246,"column":20}},"92":{"start":{"line":248,"column":4},"end":{"line":248,"column":30}},"93":{"start":{"line":259,"column":4},"end":{"line":261,"column":5}},"94":{"start":{"line":260,"column":6},"end":{"line":260,"column":97}},"95":{"start":{"line":262,"column":4},"end":{"line":262,"column":86}},"96":{"start":{"line":263,"column":4},"end":{"line":265,"column":5}},"97":{"start":{"line":264,"column":6},"end":{"line":264,"column":51}},"98":{"start":{"line":266,"column":4},"end":{"line":266,"column":40}},"99":{"start":{"line":276,"column":4},"end":{"line":276,"column":57}},"100":{"start":{"line":277,"column":4},"end":{"line":277,"column":31}},"101":{"start":{"line":287,"column":4},"end":{"line":289,"column":5}},"102":{"start":{"line":288,"column":6},"end":{"line":288,"column":31}},"103":{"start":{"line":290,"column":4},"end":{"line":290,"column":32}},"104":{"start":{"line":298,"column":4},"end":{"line":298,"column":61}},"105":{"start":{"line":308,"column":4},"end":{"line":310,"column":5}},"106":{"start":{"line":309,"column":6},"end":{"line":309,"column":97}},"107":{"start":{"line":311,"column":4},"end":{"line":313,"column":5}},"108":{"start":{"line":312,"column":6},"end":{"line":312,"column":51}},"109":{"start":{"line":314,"column":4},"end":{"line":314,"column":32}},"110":{"start":{"line":323,"column":4},"end":{"line":325,"column":5}},"111":{"start":{"line":324,"column":6},"end":{"line":324,"column":31}},"112":{"start":{"line":326,"column":4},"end":{"line":326,"column":33}},"113":{"start":{"line":335,"column":4},"end":{"line":335,"column":58}},"114":{"start":{"line":344,"column":4},"end":{"line":344,"column":26}},"115":{"start":{"line":345,"column":4},"end":{"line":345,"column":32}},"116":{"start":{"line":364,"column":4},"end":{"line":364,"column":13}},"117":{"start":{"line":366,"column":4},"end":{"line":372,"column":5}},"118":{"start":{"line":367,"column":6},"end":{"line":367,"column":96}},"119":{"start":{"line":368,"column":6},"end":{"line":368,"column":21}},"120":{"start":{"line":369,"column":6},"end":{"line":369,"column":19}},"121":{"start":{"line":371,"column":6},"end":{"line":371,"column":33}},"122":{"start":{"line":374,"column":4},"end":{"line":376,"column":6}},"123":{"start":{"line":377,"column":4},"end":{"line":377,"column":22}},"124":{"start":{"line":379,"column":4},"end":{"line":387,"column":5}},"125":{"start":{"line":380,"column":6},"end":{"line":386,"column":7}},"126":{"start":{"line":381,"column":8},"end":{"line":381,"column":67}},"127":{"start":{"line":382,"column":8},"end":{"line":382,"column":36}},"128":{"start":{"line":383,"column":8},"end":{"line":383,"column":42}},"129":{"start":{"line":385,"column":8},"end":{"line":385,"column":34}},"130":{"start":{"line":389,"column":4},"end":{"line":389,"column":45}},"131":{"start":{"line":399,"column":4},"end":{"line":399,"column":42}},"132":{"start":{"line":411,"column":4},"end":{"line":411,"column":43}},"133":{"start":{"line":427,"column":4},"end":{"line":436,"column":5}},"134":{"start":{"line":429,"column":6},"end":{"line":429,"column":109}},"135":{"start":{"line":430,"column":6},"end":{"line":434,"column":8}},"136":{"start":{"line":438,"column":4},"end":{"line":438,"column":49}},"137":{"start":{"line":449,"column":4},"end":{"line":449,"column":39}},"138":{"start":{"line":450,"column":4},"end":{"line":450,"column":35}},"139":{"start":{"line":451,"column":4},"end":{"line":451,"column":48}},"140":{"start":{"line":452,"column":4},"end":{"line":452,"column":44}},"141":{"start":{"line":453,"column":4},"end":{"line":453,"column":57}},"142":{"start":{"line":454,"column":4},"end":{"line":454,"column":44}},"143":{"start":{"line":455,"column":4},"end":{"line":455,"column":59}},"144":{"start":{"line":456,"column":4},"end":{"line":456,"column":48}},"145":{"start":{"line":458,"column":4},"end":{"line":525,"column":5}},"146":{"start":{"line":459,"column":6},"end":{"line":459,"column":50}},"147":{"start":{"line":460,"column":6},"end":{"line":460,"column":36}},"148":{"start":{"line":461,"column":6},"end":{"line":466,"column":8}},"149":{"start":{"line":462,"column":8},"end":{"line":465,"column":9}},"150":{"start":{"line":463,"column":10},"end":{"line":463,"column":57}},"151":{"start":{"line":464,"column":10},"end":{"line":464,"column":42}},"152":{"start":{"line":467,"column":6},"end":{"line":467,"column":59}},"153":{"start":{"line":468,"column":6},"end":{"line":481,"column":7}},"154":{"start":{"line":469,"column":8},"end":{"line":469,"column":30}},"155":{"start":{"line":470,"column":8},"end":{"line":480,"column":11}},"156":{"start":{"line":471,"column":10},"end":{"line":471,"column":65}},"157":{"start":{"line":472,"column":10},"end":{"line":472,"column":55}},"158":{"start":{"line":473,"column":10},"end":{"line":475,"column":11}},"159":{"start":{"line":474,"column":12},"end":{"line":474,"column":25}},"160":{"start":{"line":476,"column":10},"end":{"line":476,"column":42}},"161":{"start":{"line":477,"column":10},"end":{"line":477,"column":40}},"162":{"start":{"line":479,"column":10},"end":{"line":479,"column":45}},"163":{"start":{"line":482,"column":6},"end":{"line":494,"column":7}},"164":{"start":{"line":484,"column":8},"end":{"line":493,"column":11}},"165":{"start":{"line":486,"column":10},"end":{"line":492,"column":11}},"166":{"start":{"line":488,"column":12},"end":{"line":491,"column":13}},"167":{"start":{"line":490,"column":14},"end":{"line":490,"column":38}},"168":{"start":{"line":495,"column":11},"end":{"line":525,"column":5}},"169":{"start":{"line":496,"column":6},"end":{"line":496,"column":63}},"170":{"start":{"line":497,"column":6},"end":{"line":497,"column":49}},"171":{"start":{"line":498,"column":6},"end":{"line":500,"column":7}},"172":{"start":{"line":499,"column":8},"end":{"line":499,"column":56}},"173":{"start":{"line":501,"column":6},"end":{"line":503,"column":7}},"174":{"start":{"line":502,"column":8},"end":{"line":502,"column":59}},"175":{"start":{"line":504,"column":11},"end":{"line":525,"column":5}},"176":{"start":{"line":505,"column":6},"end":{"line":505,"column":59}},"177":{"start":{"line":506,"column":6},"end":{"line":506,"column":45}},"178":{"start":{"line":507,"column":11},"end":{"line":525,"column":5}},"179":{"start":{"line":508,"column":6},"end":{"line":508,"column":72}},"180":{"start":{"line":509,"column":6},"end":{"line":509,"column":58}},"181":{"start":{"line":510,"column":6},"end":{"line":512,"column":7}},"182":{"start":{"line":511,"column":8},"end":{"line":511,"column":65}},"183":{"start":{"line":513,"column":6},"end":{"line":515,"column":7}},"184":{"start":{"line":514,"column":8},"end":{"line":514,"column":68}},"185":{"start":{"line":516,"column":11},"end":{"line":525,"column":5}},"186":{"start":{"line":517,"column":6},"end":{"line":517,"column":59}},"187":{"start":{"line":518,"column":6},"end":{"line":518,"column":45}},"188":{"start":{"line":519,"column":11},"end":{"line":525,"column":5}},"189":{"start":{"line":520,"column":6},"end":{"line":520,"column":74}},"190":{"start":{"line":521,"column":6},"end":{"line":521,"column":60}},"191":{"start":{"line":522,"column":11},"end":{"line":525,"column":5}},"192":{"start":{"line":523,"column":6},"end":{"line":523,"column":63}},"193":{"start":{"line":524,"column":6},"end":{"line":524,"column":49}},"194":{"start":{"line":537,"column":4},"end":{"line":537,"column":26}},"195":{"start":{"line":538,"column":4},"end":{"line":538,"column":21}},"196":{"start":{"line":539,"column":4},"end":{"line":539,"column":50}},"197":{"start":{"line":551,"column":4},"end":{"line":551,"column":41}},"198":{"start":{"line":552,"column":4},"end":{"line":552,"column":43}},"199":{"start":{"line":553,"column":4},"end":{"line":553,"column":56}},"200":{"start":{"line":566,"column":4},"end":{"line":566,"column":26}},"201":{"start":{"line":567,"column":4},"end":{"line":567,"column":35}},"202":{"start":{"line":568,"column":4},"end":{"line":568,"column":32}},"203":{"start":{"line":569,"column":4},"end":{"line":569,"column":53}},"204":{"start":{"line":582,"column":4},"end":{"line":584,"column":6}},"205":{"start":{"line":585,"column":4},"end":{"line":585,"column":29}},"206":{"start":{"line":586,"column":4},"end":{"line":592,"column":5}},"207":{"start":{"line":587,"column":6},"end":{"line":587,"column":60}},"208":{"start":{"line":588,"column":6},"end":{"line":588,"column":34}},"209":{"start":{"line":589,"column":6},"end":{"line":589,"column":34}},"210":{"start":{"line":591,"column":6},"end":{"line":591,"column":32}},"211":{"start":{"line":593,"column":4},"end":{"line":593,"column":44}},"212":{"start":{"line":606,"column":4},"end":{"line":608,"column":6}},"213":{"start":{"line":609,"column":4},"end":{"line":609,"column":29}},"214":{"start":{"line":610,"column":4},"end":{"line":616,"column":5}},"215":{"start":{"line":611,"column":6},"end":{"line":611,"column":60}},"216":{"start":{"line":612,"column":6},"end":{"line":612,"column":34}},"217":{"start":{"line":613,"column":6},"end":{"line":613,"column":34}},"218":{"start":{"line":615,"column":6},"end":{"line":615,"column":32}},"219":{"start":{"line":617,"column":4},"end":{"line":617,"column":44}},"220":{"start":{"line":631,"column":4},"end":{"line":633,"column":6}},"221":{"start":{"line":634,"column":4},"end":{"line":634,"column":29}},"222":{"start":{"line":635,"column":4},"end":{"line":641,"column":5}},"223":{"start":{"line":636,"column":6},"end":{"line":636,"column":61}},"224":{"start":{"line":637,"column":6},"end":{"line":637,"column":34}},"225":{"start":{"line":638,"column":6},"end":{"line":638,"column":37}},"226":{"start":{"line":640,"column":6},"end":{"line":640,"column":32}},"227":{"start":{"line":642,"column":4},"end":{"line":644,"column":5}},"228":{"start":{"line":643,"column":6},"end":{"line":643,"column":48}},"229":{"start":{"line":645,"column":4},"end":{"line":645,"column":47}},"230":{"start":{"line":658,"column":4},"end":{"line":660,"column":6}},"231":{"start":{"line":661,"column":4},"end":{"line":661,"column":29}},"232":{"start":{"line":662,"column":4},"end":{"line":668,"column":5}},"233":{"start":{"line":663,"column":6},"end":{"line":663,"column":64}},"234":{"start":{"line":664,"column":6},"end":{"line":664,"column":34}},"235":{"start":{"line":665,"column":6},"end":{"line":665,"column":36}},"236":{"start":{"line":667,"column":6},"end":{"line":667,"column":32}},"237":{"start":{"line":669,"column":4},"end":{"line":669,"column":46}},"238":{"start":{"line":682,"column":4},"end":{"line":684,"column":6}},"239":{"start":{"line":685,"column":4},"end":{"line":685,"column":29}},"240":{"start":{"line":686,"column":4},"end":{"line":692,"column":5}},"241":{"start":{"line":687,"column":6},"end":{"line":687,"column":60}},"242":{"start":{"line":688,"column":6},"end":{"line":688,"column":34}},"243":{"start":{"line":689,"column":6},"end":{"line":689,"column":34}},"244":{"start":{"line":691,"column":6},"end":{"line":691,"column":32}},"245":{"start":{"line":693,"column":4},"end":{"line":693,"column":44}},"246":{"start":{"line":706,"column":4},"end":{"line":708,"column":6}},"247":{"start":{"line":709,"column":4},"end":{"line":709,"column":29}},"248":{"start":{"line":710,"column":4},"end":{"line":716,"column":5}},"249":{"start":{"line":711,"column":6},"end":{"line":711,"column":60}},"250":{"start":{"line":712,"column":6},"end":{"line":712,"column":34}},"251":{"start":{"line":713,"column":6},"end":{"line":713,"column":34}},"252":{"start":{"line":715,"column":6},"end":{"line":715,"column":32}},"253":{"start":{"line":717,"column":4},"end":{"line":717,"column":44}},"254":{"start":{"line":734,"column":4},"end":{"line":737,"column":6}},"255":{"start":{"line":738,"column":4},"end":{"line":738,"column":53}},"256":{"start":{"line":754,"column":4},"end":{"line":757,"column":6}},"257":{"start":{"line":758,"column":4},"end":{"line":758,"column":53}},"258":{"start":{"line":773,"column":4},"end":{"line":776,"column":6}},"259":{"start":{"line":777,"column":4},"end":{"line":777,"column":54}},"260":{"start":{"line":794,"column":4},"end":{"line":794,"column":45}},"261":{"start":{"line":795,"column":4},"end":{"line":795,"column":21}},"
[...]
:27}}},"12":{"name":"(anonymous_12)","line":95,"loc":{"start":{"line":95,"column":33},"end":{"line":95,"column":45}}},"13":{"name":"isPolling","line":106,"loc":{"start":{"line":106,"column":11},"end":{"line":106,"column":32}}},"14":{"name":"_polling","line":118,"loc":{"start":{"line":118,"column":11},"end":{"line":118,"column":31}}},"15":{"name":"(anonymous_15)","line":121,"loc":{"start":{"line":121,"column":50},"end":{"line":121,"column":69}}},"16":{"name":"(anonymous_16)","line":124,"loc":{"start":{"line":124,"column":24},"end":{"line":124,"column":42}}},"17":{"name":"(anonymous_17)","line":130,"loc":{"start":{"line":130,"column":15},"end":{"line":130,"column":30}}},"18":{"name":"(anonymous_18)","line":138,"loc":{"start":{"line":138,"column":17},"end":{"line":138,"column":29}}},"19":{"name":"(anonymous_19)","line":143,"loc":{"start":{"line":143,"column":46},"end":{"line":143,"column":58}}},"20":{"name":"_unsetWebHook","line":160,"loc":{"start":{"line":160,"column":11},"end":{"line":160,"column":36}}},"21":{"name":"_getUpdates","line":171,"loc":{"start":{"line":171,"column":11},"end":{"line":171,"column":34}}},"22":{"name":"(anonymous_22)","line":175,"loc":{"start":{"line":175,"column":60},"end":{"line":175,"column":75}}},"23":{"name":"(anonymous_23)","line":177,"loc":{"start":{"line":177,"column":45},"end":{"line":177,"column":57}}}},"statementMap":{"1":{"start":{"line":3,"column":0},"end":{"line":3,"column":269}},"2":{"start":{"line":3,"column":101},"end":{"line":3,"column":119}},"3":{"start":{"line":3,"column":141},"end":{"line":3,"column":266}},"4":{"start":{"line":5,"column":0},"end":{"line":5,"column":564}},"5":{"start":{"line":5,"column":33},"end":{"line":5,"column":349}},"6":{"start":{"line":5,"column":76},"end":{"line":5,"column":347}},"7":{"start":{"line":5,"column":117},"end":{"line":5,"column":143}},"8":{"start":{"line":5,"column":144},"end":{"line":5,"column":199}},"9":{"start":{"line":5,"column":200},"end":{"line":5,"column":231}},"10":{"start":{"line":5,"column":232},"end":{"line":5,"column":286}},"11":{"start":{"line":5,"column":259},"end":{"line":5,"column":286}},"12":{"start":{"line":5,"column":287},"end":{"line":5,"column":345}},"13":{"start":{"line":5,"column":350},"end":{"line":5,"column":559}},"14":{"start":{"line":5,"column":407},"end":{"line":5,"column":475}},"15":{"start":{"line":5,"column":423},"end":{"line":5,"column":475}},"16":{"start":{"line":5,"column":476},"end":{"line":5,"column":536}},"17":{"start":{"line":5,"column":493},"end":{"line":5,"column":536}},"18":{"start":{"line":5,"column":537},"end":{"line":5,"column":556}},"19":{"start":{"line":7,"column":0},"end":{"line":7,"column":153}},"20":{"start":{"line":7,"column":50},"end":{"line":7,"column":151}},"21":{"start":{"line":7,"column":92},"end":{"line":7,"column":149}},"22":{"start":{"line":9,"column":0},"end":{"line":9,"column":54}},"23":{"start":{"line":10,"column":0},"end":{"line":10,"column":57}},"24":{"start":{"line":11,"column":0},"end":{"line":11,"column":32}},"25":{"start":{"line":13,"column":0},"end":{"line":187,"column":4}},"26":{"start":{"line":19,"column":2},"end":{"line":37,"column":3}},"27":{"start":{"line":20,"column":4},"end":{"line":20,"column":46}},"28":{"start":{"line":22,"column":4},"end":{"line":22,"column":19}},"29":{"start":{"line":23,"column":4},"end":{"line":23,"column":87}},"30":{"start":{"line":24,"column":4},"end":{"line":24,"column":100}},"31":{"start":{"line":25,"column":4},"end":{"line":25,"column":95}},"32":{"start":{"line":26,"column":4},"end":{"line":26,"column":113}},"33":{"start":{"line":27,"column":4},"end":{"line":32,"column":5}},"34":{"start":{"line":28,"column":6},"end":{"line":28,"column":98}},"35":{"start":{"line":29,"column":6},"end":{"line":29,"column":57}},"36":{"start":{"line":31,"column":6},"end":{"line":31,"column":39}},"37":{"start":{"line":33,"column":4},"end":{"line":33,"column":25}},"38":{"start":{"line":34,"column":4},"end":{"line":34,"column":29}},"39":{"start":{"line":35,"column":4},"end":{"line":35,"column":24}},"40":{"start":{"line":36,"column":4},"end":{"line":36,"column":32}},"41":{"start":{"line":47,"column":2},"end":{"line":184,"column":6}},"42":{"start":{"line":50,"column":6},"end":{"line":50,"column":23}},"43":{"start":{"line":52,"column":6},"end":{"line":52,"column":91}},"44":{"start":{"line":54,"column":6},"end":{"line":64,"column":7}},"45":{"start":{"line":55,"column":8},"end":{"line":57,"column":9}},"46":{"start":{"line":56,"column":10},"end":{"line":56,"column":35}},"47":{"start":{"line":58,"column":8},"end":{"line":63,"column":11}},"48":{"start":{"line":62,"column":10},"end":{"line":62,"column":34}},"49":{"start":{"line":65,"column":6},"end":{"line":65,"column":29}},"50":{"start":{"line":79,"column":6},"end":{"line":79,"column":24}},"51":{"start":{"line":81,"column":6},"end":{"line":81,"column":91}},"52":{"start":{"line":83,"column":6},"end":{"line":85,"column":7}},"53":{"start":{"line":84,"column":8},"end":{"line":84,"column":33}},"54":{"start":{"line":86,"column":6},"end":{"line":86,"column":42}},"55":{"start":{"line":87,"column":6},"end":{"line":87,"column":31}},"56":{"start":{"line":88,"column":6},"end":{"line":88,"column":41}},"57":{"start":{"line":89,"column":6},"end":{"line":93,"column":7}},"58":{"start":{"line":90,"column":8},"end":{"line":90,"column":54}},"59":{"start":{"line":91,"column":8},"end":{"line":91,"column":35}},"60":{"start":{"line":92,"column":8},"end":{"line":92,"column":33}},"61":{"start":{"line":94,"column":6},"end":{"line":94,"column":25}},"62":{"start":{"line":95,"column":6},"end":{"line":97,"column":9}},"63":{"start":{"line":96,"column":8},"end":{"line":96,"column":30}},"64":{"start":{"line":107,"column":6},"end":{"line":107,"column":33}},"65":{"start":{"line":119,"column":6},"end":{"line":119,"column":24}},"66":{"start":{"line":121,"column":6},"end":{"line":147,"column":9}},"67":{"start":{"line":122,"column":8},"end":{"line":122,"column":40}},"68":{"start":{"line":123,"column":8},"end":{"line":123,"column":42}},"69":{"start":{"line":124,"column":8},"end":{"line":128,"column":11}},"70":{"start":{"line":125,"column":10},"end":{"line":125,"column":62}},"71":{"start":{"line":126,"column":10},"end":{"line":126,"column":68}},"72":{"start":{"line":127,"column":10},"end":{"line":127,"column":43}},"73":{"start":{"line":129,"column":8},"end":{"line":129,"column":20}},"74":{"start":{"line":131,"column":8},"end":{"line":131,"column":48}},"75":{"start":{"line":132,"column":8},"end":{"line":136,"column":9}},"76":{"start":{"line":133,"column":10},"end":{"line":133,"column":48}},"77":{"start":{"line":135,"column":10},"end":{"line":135,"column":29}},"78":{"start":{"line":137,"column":8},"end":{"line":137,"column":20}},"79":{"start":{"line":139,"column":8},"end":{"line":146,"column":9}},"80":{"start":{"line":140,"column":10},"end":{"line":140,"column":39}},"81":{"start":{"line":142,"column":10},"end":{"line":142,"column":74}},"82":{"start":{"line":143,"column":10},"end":{"line":145,"column":38}},"83":{"start":{"line":144,"column":12},"end":{"line":144,"column":37}},"84":{"start":{"line":148,"column":6},"end":{"line":148,"column":31}},"85":{"start":{"line":161,"column":6},"end":{"line":161,"column":33}},"86":{"start":{"line":162,"column":6},"end":{"line":162,"column":45}},"87":{"start":{"line":172,"column":6},"end":{"line":172,"column":24}},"88":{"start":{"line":174,"column":6},"end":{"line":174,"column":61}},"89":{"start":{"line":175,"column":6},"end":{"line":182,"column":9}},"90":{"start":{"line":176,"column":8},"end":{"line":180,"column":9}},"91":{"start":{"line":177,"column":10},"end":{"line":179,"column":13}},"92":{"start":{"line":178,"column":12},"end":{"line":178,"column":64}},"93":{"start":{"line":181,"column":8},"end":{"line":181,"column":18}},"94":{"start":{"line":186,"column":2},"end":{"line":186,"column":28}},"95":{"start":{"line":189,"column":0},"end":{"line":189,"column":36}}},"branchMap":{"1":{"line":3,"type":"cond-expr","locations":[{"start":{"line":3,"column":84},"end":{"line":3,"column":121}},{"start":{"line":3,"column":124},"end":{"line":3,"column":268}}]},"2":{"line":3,"type":"binary-expr","locations":[{"start":{"line":3,"column":14},"end":{"line":3,"column":42}},{"start":{"line":3,"column":46},"end":{"line":3,"column":81}}]},"3":{"line":3,"type":"cond-expr","locations":[{"start":{"line":3,"column":244},"end":{"line":3,"column":252}},{"start":{"line":3,"column":255},"end":{"line":3,"column":265}}]},"4":{"line":3,"type":"binary-expr","locations":[{"start":{"line":3,"column":148},"end":{"line":3,"column":151}},{"start":{"line":3,"column":155},"end":{"line":3,"column":183}},{"start":{"line":3,"column":187},"end":{"line":3,"column":213}},{"start":{"line":3,"column":217},"end":{"line":3,"column":241}}]},"5":{"line":5,"type":"binary-expr","locations":[{"start":{"line":5,"column":168},"end":{"line":5,"column":189}},{"start":{"line":5,"column":193},"end":{"line":5,"column":198}}]},"6":{"line":5,"type":"if","locations":[{"start":{"line":5,"column":232},"end":{"line":5,"column":232}},{"start":{"line":5,"column":232},"end":{"line":5,"column":232}}]},"7":{"line":5,"type":"if","locations":[{"start":{"line":5,"column":407},"end":{"line":5,"column":407}},{"start":{"line":5,"column":407},"end":{"line":5,"column":407}}]},"8":{"line":5,"type":"if","locations":[{"start":{"line":5,"column":476},"end":{"line":5,"column":476}},{"start":{"line":5,"column":476},"end":{"line":5,"column":476}}]},"9":{"line":7,"type":"if","locations":[{"start":{"line":7,"column":50},"end":{"line":7,"column":50}},{"start":{"line":7,"column":50},"end":{"line":7,"column":50}}]},"10":{"line":23,"type":"cond-expr","locations":[{"start":{"line":23,"column":62},"end":{"line":23,"column":64}},{"start":{"line":23,"column":67},"end":{"line":23,"column":86}}]},"11":{"line":24,"type":"cond-expr","locations":[{"start":{"line":24,"column":72},"end":{"line":24,"column":93}},{"start":{"line":24,"column":96},"end":{"line":24,"column":99}}]},"12":{"line":25,"type":"cond-expr","locations":[{"start":{"line":25,"column":70},"end":{"line":25,"column":89}},{"start":{"line":25,"column":92},"end":{"line":25,"column":94}}]},"13":{"line":26,"type":"cond-expr","locations":[{"start":{"line":26,"column":82},"end":{"line":26,"column":108}},{"start":{"line":26,"column":111},"end":{"line":26,"column":112}}]},"14":{"line":27,"type":"if","locations":[{"start":{"line":27,"column":4},"end":{"line":27,"column":4}},{"start":{"line":27,"column":4},"end":{"line":27,"column":4}}]},"15":{"line":52,"type":"cond-expr","locations":[{"start":{"line":52,"column":73},"end":{"line":52,"column":85}},{"start":{"line":52,"column":88},"end":{"line":52,"column":90}}]},"16":{"line":52,"type":"binary-expr","locations":[{"start":{"line":52,"column":20},"end":{"line":52,"column":40}},{"start":{"line":52,"column":44},"end":{"line":52,"column":70}}]},"17":{"line":54,"type":"if","locations":[{"start":{"line":54,"column":6},"end":{"line":54,"column":6}},{"start":{"line":54,"column":6},"end":{"line":54,"column":6}}]},"18":{"line":55,"type":"if","locations":[{"start":{"line":55,"column":8},"end":{"line":55,"column":8}},{"start":{"line":55,"column":8},"end":{"line":55,"column":8}}]},"19":{"line":81,"type":"cond-expr","locations":[{"start":{"line":81,"column":73},"end":{"line":81,"column":85}},{"start":{"line":81,"column":88},"end":{"line":81,"column":90}}]},"20":{"line":81,"type":"binary-expr","locations":[{"start":{"line":81,"column":20},"end":{"line":81,"column":40}},{"start":{"line":81,"column":44},"end":{"line":81,"column":70}}]},"21":{"line":83,"type":"if","locations":[{"start":{"line":83,"column":6},"end":{"line":83,"column":6}},{"start":{"line":83,"column":6},"end":{"line":83,"column":6}}]},"22":{"line":89,"type":"if","locations":[{"start":{"line":89,"column":6},"end":{"line":89,"column":6}},{"start":{"line":89,"column":6},"end":{"line":89,"column":6}}]},"23":{"line":90,"type":"binary-expr","locations":[{"start":{"line":90,"column":21},"end":{"line":90,"column":35}},{"start":{"line":90,"column":39},"end":{"line":90,"column":53}}]},"24":{"line":132,"type":"if","locations":[{"start":{"line":132,"column":8},"end":{"line":132,"column":8}},{"start":{"line":132,"column":8},"end":{"line":132,"column":8}}]},"25":{"line":139,"type":"if","locations":[{"start":{"line":139,"column":8},"end":{"line":139,"column":8}},{"start":{"line":139,"column":8},"end":{"line":139,"column":8}}]},"26":{"line":176,"type":"if","locations":[{"start":{"line":176,"column":8},"end":{"line":176,"column":8}},{"start":{"line":176,"column":8},"end":{"line":176,"column":8}}]},"27":{"line":176,"type":"binary-expr","locations":[{"start":{"line":176,"column":12},"end":{"line":176,"column":24}},{"start":{"line":176,"column":28},"end":{"line":176,"column":77}}]}},"code":["'use strict';","","var _typeof = typeof Symbol === \"function\" && typeof Symbol.iterator === \"symbol\" ? function (obj) { return typeof obj; } : function (obj) { return obj && typeof Symbol === \"function\" && obj.constructor === Symbol && obj !== Symbol.prototype ? \"symbol\" : typeof obj; };","","var _createClass = function () { function defineProperties(target, props) { for (var i = 0; i < props.length; i++) { var descriptor = props[i]; descriptor.enumerable = descriptor.enumerable || false; descriptor.configurable = true; if (\"value\" in descriptor) descriptor.writable = true; Object.defineProperty(target, descriptor.key, descriptor); } } return function (Constructor, protoProps, staticProps) { if (protoProps) defineProperties(Constructor.prototype, protoProps); if (staticProps) defineProperties(Constructor, staticProps); return Constructor; }; }();","","function _classCallCheck(instance, Constructor) { if (!(instance instanceof Constructor)) { throw new TypeError(\"Cannot call a class as a function\"); } }","","var debug = require('debug')('node-telegram-bot-api');","var deprecate = require('depd')('node-telegram-bot-api');","var ANOTHER_WEB_HOOK_USED = 409;","","var TelegramBotPolling = function () {","  /**","   * Handles polling against the Telegram servers.","   * @param  {TelegramBot} bot","   * @see https://core.telegram.org/bots/api#getting-updates","   */","  function TelegramBotPolling(bot) {","    _classCallCheck(this, TelegramBotPolling);","","    this.bot = bot;","    this.options = typeof bot.options.polling === 'boolean' ? {} : bot.options.polling;","    this.options.interval = typeof this.options.interval === 'number' ? this.options.interval : 300;","    this.options.params = _typeof(this.options.params) === 'object' ? this.options.params : {};","    this.options.params.offset = typeof this.options.params.offset === 'number' ? this.options.params.offset : 0;","    if (typeof this.options.timeout === 'number') {","      deprecate('`options.polling.timeout` is deprecated. Use `options.polling.params` instead.');","      this.options.params.timeout = this.options.timeout;","    } else {","      this.options.params.timeout = 10;","    }","    this._lastUpdate = 0;","    this._lastRequest = null;","    this._abort = false;","    this._pollingTimeout = null;","  }","","  /**","   * Start polling","   * @param  {Object} [options]","   * @param  {Object} [options.restart]","   * @return {Promise}","   */","","","  _createClass(TelegramBotPolling, [{","    key: 'start',","    value: function start() {","      var _this = this;","","      var options = arguments.length > 0 && arguments[0] !== undefined ? arguments[0] : {};","","      if (this._lastRequest) {","        if (!options.restart) {","          return Promise.resolve();","        }","        return this.stop({","          cancel: true,","          reason: 'Polling restart'","        }).then(function () {","          return _this._polling();","        });","      }","      return this._polling();","    }","","    /**","     * Stop polling","     * @param  {Object} [options]","     * @param  {Boolean} [options.cancel] Cancel current request","     * @param  {String} [options.reason] Reason for stopping polling","     * @return {Promise}","     */","","  }, {","    key: 'stop',","    value: function stop() {","      var _this2 = this;","","      var options = arguments.length > 0 && arguments[0] !== undefined ? arguments[0] : {};","","      if (!this._lastRequest) {","        return Promise.resolve();","      }","      var lastRequest = this._lastRequest;","      this._lastRequest = null;","      clearTimeout(this._pollingTimeout);","      if (options.cancel) {","        var reason = options.reason || 'Polling stop';","        lastRequest.cancel(reason);","        return Promise.resolve();","      }","      this._abort = true;","      return lastRequest.finally(function () {","        _this2._abort = false;","      });","    }","","    /**","     * Return `true` if is polling. Otherwise, `false`.","     */","","  }, {","    key: 'isPolling',","    value: function isPolling() {","      return !!this._lastRequest;","    }","","    /**","     * Invokes polling (with recursion!)","     * @return {Promise} promise of the current request","     * @private","     */","","  }, {","    key: '_polling',","    value: function _polling() {","      var _this3 = this;","","      this._lastRequest = this._getUpdates().then(function (updates) {","        _this3._lastUpdate = Date.now();","        debug('polling data %j', updates);","        updates.forEach(function (update) {","          _this3.options.params.offset = update.update_id + 1;","          debug('updated offset: %s', _this3.options.params.offset);","          _this3.bot.processUpdate(update);","        });","        return null;","      }).catch(function (err) {","        debug('polling error: %s', err.message);","        if (_this3.bot.listeners('polling_error').length) {","          _this3.bot.emit('polling_error', err);","        } else {","          console.error(err); // eslint-disable-line no-console","        }","        return null;","      }).finally(function () {","        if (_this3._abort) {","          debug('Polling is aborted!');","        } else {","          debug('setTimeout for %s miliseconds', _this3.options.interval);","          _this3._pollingTimeout = setTimeout(function () {","            return _this3._polling();","          }, _this3.options.interval);","        }","      });","      return this._lastRequest;","    }","","    /**","     * Unset current webhook. Used when we detect that a webhook has been set","     * and we are trying to poll. Polling and WebHook are mutually exclusive.","     * @see https://core.telegram.org/bots/api#getting-updates","     * @private","     */","","  }, {","    key: '_unsetWebHook',","    value: function _unsetWebHook() {","      debug('unsetting webhook');","      return this.bot._request('setWebHook');","    }","","    /**","     * Retrieve updates","     */","","  }, {","    key: '_getUpdates',","    value: function _getUpdates() {","      var _this4 = this;","","      debug('polling with options: %j', this.options.params);","      return this.bot.getUpdates(this.options.params).catch(function (err) {","        if (err.response && err.response.statusCode === ANOTHER_WEB_HOOK_USED) {","          return _this4._unsetWebHook().then(function () {","            return _this4.bot.getUpdates(_this4.options.params);","          });","        }","        throw err;","      });","    }","  }]);","","  return TelegramBotPolling;","}();","","module.exports = TelegramBotPolling;"],"l":{"3":1,"5":6,"7":1,"9":1,"10":1,"11":1,"13":1,"19":1,"20":0,"22":0,"23":0,"24":0,"25":0,"26":0,"27":0,"28":0,"29":0,"31":0,"33":0,"34":0,"35":0,"36":0,"47":1,"50":0,"52":0,"54":0,"55":0,"56":0,"58":0,"62":0,"65":0,"79":0,"81":0,"83":0,"84":0,"86":0,"87":0,"88":0,"89":0,"90":0,"91":0,"92":0,"94":0,"95":0,"96":0,"107":0,"119":0,"121":0,"122":0,"123":0,"124":0,"125":0,"126":0,"127":0,"129":0,"131":0,"132":0,"133":0,"135":0,"137":0,"139":0,"140":0,"142":0,"143":0,"144":0,"148":0,"161":0,"162":0,"172":0,"174":0,"175":0,"176":0,"177":0,"178":0,"181":0,"186":1,"189":1}}}